#
# There is insufficient memory for the Java Runtime Environment to continue.
# Native memory allocation (malloc) failed to allocate 1742256 bytes for Chunk::new
# Possible reasons:
#   The system is out of physical RAM or swap space
#   The process is running with CompressedOops enabled, and the Java Heap may be blocking the growth of the native heap
# Possible solutions:
#   Reduce memory load on the system
#   Increase physical memory or swap space
#   Check if swap backing store is full
#   Decrease Java heap size (-Xmx/-Xms)
#   Decrease number of Java threads
#   Decrease Java thread stack sizes (-Xss)
#   Set larger code cache with -XX:ReservedCodeCacheSize=
#   JVM is running with Unscaled Compressed Oops mode in which the Java heap is
#     placed in the first 4GB address space. The Java Heap base address is the
#     maximum limit for the native heap growth. Please use -XX:HeapBaseMinAddress
#     to set the Java Heap base and to place the Java Heap above 4GB virtual address.
# This output file may be truncated or incomplete.
#
#  Out of Memory Error (arena.cpp:189), pid=10468, tid=18148
#
# JRE version: OpenJDK Runtime Environment (17.0.6) (build 17.0.6+0-b2043.56-10027231)
# Java VM: OpenJDK 64-Bit Server VM (17.0.6+0-b2043.56-10027231, mixed mode, tiered, compressed oops, compressed class ptrs, g1 gc, windows-amd64)
# No core dump will be written. Minidumps are not enabled by default on client versions of Windows
#

---------------  S U M M A R Y ------------

Command Line: --add-opens=java.base/java.util=ALL-UNNAMED --add-opens=java.base/java.lang=ALL-UNNAMED --add-opens=java.base/java.lang.invoke=ALL-UNNAMED --add-opens=java.base/java.util=ALL-UNNAMED --add-opens=java.prefs/java.util.prefs=ALL-UNNAMED --add-opens=java.prefs/java.util.prefs=ALL-UNNAMED --add-opens=java.base/java.nio.charset=ALL-UNNAMED --add-opens=java.base/java.net=ALL-UNNAMED --add-opens=java.base/java.util.concurrent.atomic=ALL-UNNAMED -Xmx1536M -Dfile.encoding=windows-1252 -Duser.country=FR -Duser.language=fr -Duser.variant org.gradle.launcher.daemon.bootstrap.GradleDaemon 7.5

Host: Intel(R) Core(TM) i3-4000M CPU @ 2.40GHz, 4 cores, 7G,  Windows 11 , 64 bit Build 22621 (10.0.22621.2215)
Time: Wed Nov 29 19:57:28 2023 Paris, Madrid elapsed time: 22.565535 seconds (0d 0h 0m 22s)

---------------  T H R E A D  ---------------

Current thread (0x0000018ac7c4e4f0):  JavaThread "C2 CompilerThread0" daemon [_thread_in_native, id=18148, stack(0x0000006b25900000,0x0000006b25a00000)]


Current CompileTask:
C2:  22565 2326   !   4       java.net.URLClassLoader$1::run (81 bytes)

Stack: [0x0000006b25900000,0x0000006b25a00000]
Native frames: (J=compiled Java code, j=interpreted, Vv=VM code, C=native code)
V  [jvm.dll+0x683c9a]
V  [jvm.dll+0x8427a4]
V  [jvm.dll+0x843f9e]
V  [jvm.dll+0x844603]
V  [jvm.dll+0x249b75]
V  [jvm.dll+0xabcac]
V  [jvm.dll+0xac27c]
V  [jvm.dll+0x368802]
V  [jvm.dll+0x332f31]
V  [jvm.dll+0x3323da]
V  [jvm.dll+0x21c201]
V  [jvm.dll+0x21b621]
V  [jvm.dll+0x1a4fdd]
V  [jvm.dll+0x22b098]
V  [jvm.dll+0x229159]
V  [jvm.dll+0x7f81ec]
V  [jvm.dll+0x7f274a]
V  [jvm.dll+0x682ad5]
C  [ucrtbase.dll+0x29363]
C  [KERNEL32.DLL+0x1257d]
C  [ntdll.dll+0x5aa68]


---------------  P R O C E S S  ---------------

Threads class SMR info:
_java_thread_list=0x0000018acacd26c0, length=27, elements={
0x0000018aaee42630, 0x0000018ac70ce3b0, 0x0000018ac70cef60, 0x0000018ac70ec700,
0x0000018ac7c4c400, 0x0000018ac7c4cdb0, 0x0000018ac7c4d760, 0x0000018ac7c4e4f0,
0x0000018ac7c4ef90, 0x0000018ac7126730, 0x0000018ac7d90020, 0x0000018ac7d92910,
0x0000018aca933440, 0x0000018ac80c1510, 0x0000018ac96ac120, 0x0000018ac80bc830,
0x0000018ac80bcd00, 0x0000018ac82c10d0, 0x0000018ac7f14140, 0x0000018ac9065550,
0x0000018ac9062ed0, 0x0000018ac90646e0, 0x0000018ac90633a0, 0x0000018ac9062a00,
0x0000018ac9065a20, 0x0000018ac9064210, 0x0000018ac9063870
}

Java Threads: ( => current thread )
  0x0000018aaee42630 JavaThread "main" [_thread_blocked, id=10664, stack(0x0000006b24c00000,0x0000006b24d00000)]
  0x0000018ac70ce3b0 JavaThread "Reference Handler" daemon [_thread_blocked, id=16784, stack(0x0000006b25300000,0x0000006b25400000)]
  0x0000018ac70cef60 JavaThread "Finalizer" daemon [_thread_blocked, id=10212, stack(0x0000006b25400000,0x0000006b25500000)]
  0x0000018ac70ec700 JavaThread "Signal Dispatcher" daemon [_thread_blocked, id=10932, stack(0x0000006b25500000,0x0000006b25600000)]
  0x0000018ac7c4c400 JavaThread "Attach Listener" daemon [_thread_blocked, id=14620, stack(0x0000006b25600000,0x0000006b25700000)]
  0x0000018ac7c4cdb0 JavaThread "Service Thread" daemon [_thread_blocked, id=10472, stack(0x0000006b25700000,0x0000006b25800000)]
  0x0000018ac7c4d760 JavaThread "Monitor Deflation Thread" daemon [_thread_blocked, id=14652, stack(0x0000006b25800000,0x0000006b25900000)]
=>0x0000018ac7c4e4f0 JavaThread "C2 CompilerThread0" daemon [_thread_in_native, id=18148, stack(0x0000006b25900000,0x0000006b25a00000)]
  0x0000018ac7c4ef90 JavaThread "C1 CompilerThread0" daemon [_thread_blocked, id=7296, stack(0x0000006b25a00000,0x0000006b25b00000)]
  0x0000018ac7126730 JavaThread "Sweeper thread" daemon [_thread_blocked, id=4568, stack(0x0000006b25b00000,0x0000006b25c00000)]
  0x0000018ac7d90020 JavaThread "Common-Cleaner" daemon [_thread_blocked, id=17668, stack(0x0000006b25c00000,0x0000006b25d00000)]
  0x0000018ac7d92910 JavaThread "Notification Thread" daemon [_thread_blocked, id=10676, stack(0x0000006b25d00000,0x0000006b25e00000)]
  0x0000018aca933440 JavaThread "Daemon health stats" [_thread_blocked, id=11548, stack(0x0000006b26200000,0x0000006b26300000)]
  0x0000018ac80c1510 JavaThread "Incoming local TCP Connector on port 8902" [_thread_in_native, id=688, stack(0x0000006b26300000,0x0000006b26400000)]
  0x0000018ac96ac120 JavaThread "Daemon periodic checks" [_thread_blocked, id=16060, stack(0x0000006b26400000,0x0000006b26500000)]
  0x0000018ac80bc830 JavaThread "Daemon" [_thread_blocked, id=1144, stack(0x0000006b26500000,0x0000006b26600000)]
  0x0000018ac80bcd00 JavaThread "Handler for socket connection from /127.0.0.1:8902 to /127.0.0.1:8905" [_thread_in_native, id=8248, stack(0x0000006b26600000,0x0000006b26700000)]
  0x0000018ac82c10d0 JavaThread "Cancel handler" [_thread_blocked, id=8764, stack(0x0000006b26700000,0x0000006b26800000)]
  0x0000018ac7f14140 JavaThread "Daemon worker" [_thread_in_native, id=16860, stack(0x0000006b26800000,0x0000006b26900000)]
  0x0000018ac9065550 JavaThread "Asynchronous log dispatcher for DefaultDaemonConnection: socket connection from /127.0.0.1:8902 to /127.0.0.1:8905" [_thread_blocked, id=15856, stack(0x0000006b26900000,0x0000006b26a00000)]
  0x0000018ac9062ed0 JavaThread "Stdin handler" [_thread_blocked, id=7764, stack(0x0000006b26a00000,0x0000006b26b00000)]
  0x0000018ac90646e0 JavaThread "Daemon client event forwarder" [_thread_blocked, id=12268, stack(0x0000006b26b00000,0x0000006b26c00000)]
  0x0000018ac90633a0 JavaThread "Cache worker for journal cache (C:\Users\Premier\.gradle\caches\journal-1)" [_thread_blocked, id=992, stack(0x0000006b26c00000,0x0000006b26d00000)]
  0x0000018ac9062a00 JavaThread "File lock request listener" [_thread_in_native, id=8864, stack(0x0000006b26d00000,0x0000006b26e00000)]
  0x0000018ac9065a20 JavaThread "Cache worker for file hash cache (C:\Users\Premier\.gradle\caches\7.5\fileHashes)" [_thread_blocked, id=17652, stack(0x0000006b26e00000,0x0000006b26f00000)]
  0x0000018ac9064210 JavaThread "File watcher server" daemon [_thread_in_native, id=10608, stack(0x0000006b26f00000,0x0000006b27000000)]
  0x0000018ac9063870 JavaThread "File watcher consumer" daemon [_thread_new, id=18012, stack(0x0000000000000000,0x0000000000000000)]

Other Threads:
  0x0000018ac70ff1b0 VMThread "VM Thread" [stack: 0x0000006b25200000,0x0000006b25300000] [id=17760]
  0x0000018ac7d96df0 WatcherThread [stack: 0x0000006b25e00000,0x0000006b25f00000] [id=17720]
  0x0000018aaee8b2b0 GCTaskThread "GC Thread#0" [stack: 0x0000006b24d00000,0x0000006b24e00000] [id=1572]
  0x0000018ac80e3440 GCTaskThread "GC Thread#1" [stack: 0x0000006b25f00000,0x0000006b26000000] [id=1528]
  0x0000018ac81a1da0 GCTaskThread "GC Thread#2" [stack: 0x0000006b26000000,0x0000006b26100000] [id=17832]
  0x0000018ac8c7a540 GCTaskThread "GC Thread#3" [stack: 0x0000006b26100000,0x0000006b26200000] [id=13852]
  0x0000018aaee98090 ConcurrentGCThread "G1 Main Marker" [stack: 0x0000006b24e00000,0x0000006b24f00000] [id=2484]
  0x0000018aaee98940 ConcurrentGCThread "G1 Conc#0" [stack: 0x0000006b24f00000,0x0000006b25000000] [id=14376]
  0x0000018aaeefe050 ConcurrentGCThread "G1 Refine#0" [stack: 0x0000006b25000000,0x0000006b25100000] [id=16600]
  0x0000018aaeefe910 ConcurrentGCThread "G1 Service" [stack: 0x0000006b25100000,0x0000006b25200000] [id=7496]

Threads with active compile tasks:
C2 CompilerThread0    22624 2326   !   4       java.net.URLClassLoader$1::run (81 bytes)

VM state: not at safepoint (normal execution)

VM Mutex/Monitor currently owned by a thread: None

Heap address: 0x00000000a0000000, size: 1536 MB, Compressed Oops mode: 32-bit

CDS archive(s) not mapped
Compressed class space mapped at: 0x0000000100000000-0x0000000140000000, reserved size: 1073741824
Narrow klass base: 0x0000000000000000, Narrow klass shift: 3, Narrow klass range: 0x140000000

GC Precious Log:
 CPUs: 4 total, 4 available
 Memory: 8121M
 Large Page Support: Disabled
 NUMA Support: Disabled
 Compressed Oops: Enabled (32-bit)
 Heap Region Size: 1M
 Heap Min Capacity: 8M
 Heap Initial Capacity: 128M
 Heap Max Capacity: 1536M
 Pre-touch: Disabled
 Parallel Workers: 4
 Concurrent Workers: 1
 Concurrent Refinement Workers: 4
 Periodic GC: Disabled

Heap:
 garbage-first heap   total 65536K, used 24364K [0x00000000a0000000, 0x0000000100000000)
  region size 1024K, 7 young (7168K), 1 survivors (1024K)
 Metaspace       used 27540K, committed 27840K, reserved 1073152K
  class space    used 3651K, committed 3776K, reserved 1048576K

Heap Regions: E=young(eden), S=young(survivor), O=old, HS=humongous(starts), HC=humongous(continues), CS=collection set, F=free, OA=open archive, CA=closed archive, TAMS=top-at-mark-start (previous, next)
|   0|0x00000000a0000000, 0x00000000a0100000, 0x00000000a0100000|100%|HS|  |TAMS 0x00000000a0100000, 0x00000000a0000000| Complete 
|   1|0x00000000a0100000, 0x00000000a0200000, 0x00000000a0200000|100%|HC|  |TAMS 0x00000000a0200000, 0x00000000a0100000| Complete 
|   2|0x00000000a0200000, 0x00000000a0300000, 0x00000000a0300000|100%|HC|  |TAMS 0x00000000a0300000, 0x00000000a0200000| Complete 
|   3|0x00000000a0300000, 0x00000000a0400000, 0x00000000a0400000|100%| O|  |TAMS 0x00000000a0400000, 0x00000000a0300000| Untracked 
|   4|0x00000000a0400000, 0x00000000a0500000, 0x00000000a0500000|100%| O|  |TAMS 0x00000000a0500000, 0x00000000a0400000| Untracked 
|   5|0x00000000a0500000, 0x00000000a0600000, 0x00000000a0600000|100%| O|  |TAMS 0x00000000a0600000, 0x00000000a0500000| Untracked 
|   6|0x00000000a0600000, 0x00000000a0700000, 0x00000000a0700000|100%| O|  |TAMS 0x00000000a0700000, 0x00000000a0600000| Untracked 
|   7|0x00000000a0700000, 0x00000000a0800000, 0x00000000a0800000|100%| O|  |TAMS 0x00000000a0700000, 0x00000000a0700000| Untracked 
|   8|0x00000000a0800000, 0x00000000a0900000, 0x00000000a0900000|100%| O|  |TAMS 0x00000000a0900000, 0x00000000a0800000| Untracked 
|   9|0x00000000a0900000, 0x00000000a0a00000, 0x00000000a0a00000|100%| O|  |TAMS 0x00000000a0a00000, 0x00000000a0900000| Untracked 
|  10|0x00000000a0a00000, 0x00000000a0a00000, 0x00000000a0b00000|  0%| F|  |TAMS 0x00000000a0a00000, 0x00000000a0a00000| Untracked 
|  11|0x00000000a0b00000, 0x00000000a0c00000, 0x00000000a0c00000|100%| O|  |TAMS 0x00000000a0b00000, 0x00000000a0b00000| Untracked 
|  12|0x00000000a0c00000, 0x00000000a0d00000, 0x00000000a0d00000|100%| O|  |TAMS 0x00000000a0c00000, 0x00000000a0c00000| Untracked 
|  13|0x00000000a0d00000, 0x00000000a0e00000, 0x00000000a0e00000|100%| O|  |TAMS 0x00000000a0d00000, 0x00000000a0d00000| Untracked 
|  14|0x00000000a0e00000, 0x00000000a0f00000, 0x00000000a0f00000|100%| O|  |TAMS 0x00000000a0e00000, 0x00000000a0e00000| Untracked 
|  15|0x00000000a0f00000, 0x00000000a1000000, 0x00000000a1000000|100%| O|  |TAMS 0x00000000a0f00000, 0x00000000a0f00000| Untracked 
|  16|0x00000000a1000000, 0x00000000a1100000, 0x00000000a1100000|100%| O|  |TAMS 0x00000000a1000000, 0x00000000a1000000| Untracked 
|  17|0x00000000a1100000, 0x00000000a1200000, 0x00000000a1200000|100%| O|  |TAMS 0x00000000a1100000, 0x00000000a1100000| Untracked 
|  18|0x00000000a1200000, 0x00000000a1300000, 0x00000000a1300000|100%| O|  |TAMS 0x00000000a1200000, 0x00000000a1200000| Untracked 
|  19|0x00000000a1300000, 0x00000000a13ab000, 0x00000000a1400000| 66%| O|  |TAMS 0x00000000a1300000, 0x00000000a1300000| Untracked 
|  20|0x00000000a1400000, 0x00000000a1400000, 0x00000000a1500000|  0%| F|  |TAMS 0x00000000a1400000, 0x00000000a1400000| Untracked 
|  21|0x00000000a1500000, 0x00000000a1500000, 0x00000000a1600000|  0%| F|  |TAMS 0x00000000a1500000, 0x00000000a1500000| Untracked 
|  22|0x00000000a1600000, 0x00000000a1600000, 0x00000000a1700000|  0%| F|  |TAMS 0x00000000a1600000, 0x00000000a1600000| Untracked 
|  23|0x00000000a1700000, 0x00000000a1700000, 0x00000000a1800000|  0%| F|  |TAMS 0x00000000a1700000, 0x00000000a1700000| Untracked 
|  24|0x00000000a1800000, 0x00000000a1800000, 0x00000000a1900000|  0%| F|  |TAMS 0x00000000a1800000, 0x00000000a1800000| Untracked 
|  25|0x00000000a1900000, 0x00000000a1900000, 0x00000000a1a00000|  0%| F|  |TAMS 0x00000000a1900000, 0x00000000a1900000| Untracked 
|  26|0x00000000a1a00000, 0x00000000a1a00000, 0x00000000a1b00000|  0%| F|  |TAMS 0x00000000a1a00000, 0x00000000a1a00000| Untracked 
|  27|0x00000000a1b00000, 0x00000000a1b00000, 0x00000000a1c00000|  0%| F|  |TAMS 0x00000000a1b00000, 0x00000000a1b00000| Untracked 
|  28|0x00000000a1c00000, 0x00000000a1c00000, 0x00000000a1d00000|  0%| F|  |TAMS 0x00000000a1c00000, 0x00000000a1c00000| Untracked 
|  29|0x00000000a1d00000, 0x00000000a1d00000, 0x00000000a1e00000|  0%| F|  |TAMS 0x00000000a1d00000, 0x00000000a1d00000| Untracked 
|  30|0x00000000a1e00000, 0x00000000a1e00000, 0x00000000a1f00000|  0%| F|  |TAMS 0x00000000a1e00000, 0x00000000a1e00000| Untracked 
|  31|0x00000000a1f00000, 0x00000000a1f00000, 0x00000000a2000000|  0%| F|  |TAMS 0x00000000a1f00000, 0x00000000a1f00000| Untracked 
|  32|0x00000000a2000000, 0x00000000a2000000, 0x00000000a2100000|  0%| F|  |TAMS 0x00000000a2000000, 0x00000000a2000000| Untracked 
|  33|0x00000000a2100000, 0x00000000a2100000, 0x00000000a2200000|  0%| F|  |TAMS 0x00000000a2100000, 0x00000000a2100000| Untracked 
|  34|0x00000000a2200000, 0x00000000a2200000, 0x00000000a2300000|  0%| F|  |TAMS 0x00000000a2200000, 0x00000000a2200000| Untracked 
|  35|0x00000000a2300000, 0x00000000a2300000, 0x00000000a2400000|  0%| F|  |TAMS 0x00000000a2300000, 0x00000000a2300000| Untracked 
|  36|0x00000000a2400000, 0x00000000a2400000, 0x00000000a2500000|  0%| F|  |TAMS 0x00000000a2400000, 0x00000000a2400000| Untracked 
|  37|0x00000000a2500000, 0x00000000a2500000, 0x00000000a2600000|  0%| F|  |TAMS 0x00000000a2500000, 0x00000000a2500000| Untracked 
|  38|0x00000000a2600000, 0x00000000a2600000, 0x00000000a2700000|  0%| F|  |TAMS 0x00000000a2600000, 0x00000000a2600000| Untracked 
|  39|0x00000000a2700000, 0x00000000a2700000, 0x00000000a2800000|  0%| F|  |TAMS 0x00000000a2700000, 0x00000000a2700000| Untracked 
|  40|0x00000000a2800000, 0x00000000a2800000, 0x00000000a2900000|  0%| F|  |TAMS 0x00000000a2800000, 0x00000000a2800000| Untracked 
|  41|0x00000000a2900000, 0x00000000a2900000, 0x00000000a2a00000|  0%| F|  |TAMS 0x00000000a2900000, 0x00000000a2900000| Untracked 
|  42|0x00000000a2a00000, 0x00000000a2a00000, 0x00000000a2b00000|  0%| F|  |TAMS 0x00000000a2a00000, 0x00000000a2a00000| Untracked 
|  43|0x00000000a2b00000, 0x00000000a2b00000, 0x00000000a2c00000|  0%| F|  |TAMS 0x00000000a2b00000, 0x00000000a2b00000| Untracked 
|  44|0x00000000a2c00000, 0x00000000a2c00000, 0x00000000a2d00000|  0%| F|  |TAMS 0x00000000a2c00000, 0x00000000a2c00000| Untracked 
|  45|0x00000000a2d00000, 0x00000000a2d00000, 0x00000000a2e00000|  0%| F|  |TAMS 0x00000000a2d00000, 0x00000000a2d00000| Untracked 
|  46|0x00000000a2e00000, 0x00000000a2e00000, 0x00000000a2f00000|  0%| F|  |TAMS 0x00000000a2e00000, 0x00000000a2e00000| Untracked 
|  47|0x00000000a2f00000, 0x00000000a2f00000, 0x00000000a3000000|  0%| F|  |TAMS 0x00000000a2f00000, 0x00000000a2f00000| Untracked 
|  48|0x00000000a3000000, 0x00000000a3000000, 0x00000000a3100000|  0%| F|  |TAMS 0x00000000a3000000, 0x00000000a3000000| Untracked 
|  49|0x00000000a3100000, 0x00000000a3100000, 0x00000000a3200000|  0%| F|  |TAMS 0x00000000a3100000, 0x00000000a3100000| Untracked 
|  50|0x00000000a3200000, 0x00000000a3200000, 0x00000000a3300000|  0%| F|  |TAMS 0x00000000a3200000, 0x00000000a3200000| Untracked 
|  51|0x00000000a3300000, 0x00000000a3300000, 0x00000000a3400000|  0%| F|  |TAMS 0x00000000a3300000, 0x00000000a3300000| Untracked 
|  52|0x00000000a3400000, 0x00000000a3400000, 0x00000000a3500000|  0%| F|  |TAMS 0x00000000a3400000, 0x00000000a3400000| Untracked 
|  53|0x00000000a3500000, 0x00000000a3500000, 0x00000000a3600000|  0%| F|  |TAMS 0x00000000a3500000, 0x00000000a3500000| Untracked 
|  54|0x00000000a3600000, 0x00000000a3600000, 0x00000000a3700000|  0%| F|  |TAMS 0x00000000a3600000, 0x00000000a3600000| Untracked 
|  76|0x00000000a4c00000, 0x00000000a4c00000, 0x00000000a4d00000|  0%| F|  |TAMS 0x00000000a4c00000, 0x00000000a4c00000| Untracked 
|  77|0x00000000a4d00000, 0x00000000a4d00000, 0x00000000a4e00000|  0%| F|  |TAMS 0x00000000a4d00000, 0x00000000a4d00000| Untracked 
|  78|0x00000000a4e00000, 0x00000000a4ec6078, 0x00000000a4f00000| 77%| E|  |TAMS 0x00000000a4e00000, 0x00000000a4e00000| Complete 
|  79|0x00000000a4f00000, 0x00000000a5000000, 0x00000000a5000000|100%| E|CS|TAMS 0x00000000a4f00000, 0x00000000a4f00000| Complete 
|  80|0x00000000a5000000, 0x00000000a5100000, 0x00000000a5100000|100%| E|CS|TAMS 0x00000000a5000000, 0x00000000a5000000| Complete 
|  81|0x00000000a5100000, 0x00000000a5200000, 0x00000000a5200000|100%| E|CS|TAMS 0x00000000a5100000, 0x00000000a5100000| Complete 
|  82|0x00000000a5200000, 0x00000000a5300000, 0x00000000a5300000|100%| E|CS|TAMS 0x00000000a5200000, 0x00000000a5200000| Complete 
|  83|0x00000000a5300000, 0x00000000a5320050, 0x00000000a5400000| 12%| S|CS|TAMS 0x00000000a5300000, 0x00000000a5300000| Complete 
| 127|0x00000000a7f00000, 0x00000000a8000000, 0x00000000a8000000|100%| E|CS|TAMS 0x00000000a7f00000, 0x00000000a7f00000| Complete 

Card table byte_map: [0x0000018ac1600000,0x0000018ac1900000] _byte_map_base: 0x0000018ac1100000

Marking Bits (Prev, Next): (CMBitMap*) 0x0000018aaee8b7a0, (CMBitMap*) 0x0000018aaee8b760
 Prev Bits: [0x0000018ac3400000, 0x0000018ac4c00000)
 Next Bits: [0x0000018ac1c00000, 0x0000018ac3400000)

Polling page: 0x0000018aae600000

Metaspace:

Usage:
  Non-class:     23.33 MB used.
      Class:      3.57 MB used.
       Both:     26.89 MB used.

Virtual space:
  Non-class space:       24.00 MB reserved,      23.50 MB ( 98%) committed,  3 nodes.
      Class space:        1.00 GB reserved,       3.69 MB ( <1%) committed,  1 nodes.
             Both:        1.02 GB reserved,      27.19 MB (  3%) committed. 

Chunk freelists:
   Non-Class:  48.00 KB
       Class:  163.00 KB
        Both:  211.00 KB

MaxMetaspaceSize: unlimited
CompressedClassSpaceSize: 1.00 GB
Initial GC threshold: 21.00 MB
Current GC threshold: 35.25 MB
CDS: off
MetaspaceReclaimPolicy: balanced
 - commit_granule_bytes: 65536.
 - commit_granule_words: 8192.
 - virtual_space_node_default_size: 1048576.
 - enlarge_chunks_in_place: 1.
 - new_chunks_are_fully_committed: 0.
 - uncommit_free_chunks: 1.
 - use_allocation_guard: 0.
 - handle_deallocations: 1.


Internal statistics:

num_allocs_failed_limit: 3.
num_arena_births: 214.
num_arena_deaths: 0.
num_vsnodes_births: 4.
num_vsnodes_deaths: 0.
num_space_committed: 435.
num_space_uncommitted: 0.
num_chunks_returned_to_freelist: 3.
num_chunks_taken_from_freelist: 871.
num_chunk_merges: 3.
num_chunk_splits: 568.
num_chunks_enlarged: 423.
num_purges: 0.
num_inconsistent_stats: 0.

CodeHeap 'non-profiled nmethods': size=120000Kb used=1379Kb max_used=1379Kb free=118620Kb
 bounds [0x0000018ab9dd0000, 0x0000018aba040000, 0x0000018ac1300000]
CodeHeap 'profiled nmethods': size=120000Kb used=5055Kb max_used=5055Kb free=114944Kb
 bounds [0x0000018ab2300000, 0x0000018ab27f0000, 0x0000018ab9830000]
CodeHeap 'non-nmethods': size=5760Kb used=1219Kb max_used=1264Kb free=4540Kb
 bounds [0x0000018ab9830000, 0x0000018ab9aa0000, 0x0000018ab9dd0000]
 total_blobs=2969 nmethods=2436 adapters=445
 compilation: enabled
              stopped_count=0, restarted_count=0
 full_count=0

Compilation events (20 events):
Event: 22.259 Thread 0x0000018ac7c4ef90 2426       3       java.util.concurrent.ConcurrentLinkedQueue::poll (84 bytes)
Event: 22.264 Thread 0x0000018ac7c4ef90 nmethod 2426 0x0000018ab27e1f90 code [0x0000018ab27e2640, 0x0000018ab27e6188]
Event: 22.264 Thread 0x0000018ac7c4ef90 2428       3       java.util.Collections$UnmodifiableCollection::size (10 bytes)
Event: 22.265 Thread 0x0000018ac7c4ef90 nmethod 2428 0x0000018ab27e7210 code [0x0000018ab27e73c0, 0x0000018ab27e7588]
Event: 22.265 Thread 0x0000018ac7c4ef90 2430       3       java.util.Collections$UnmodifiableList::get (11 bytes)
Event: 22.265 Thread 0x0000018ac7c4e4f0 nmethod 2424 0x0000018ab9f26e90 code [0x0000018ab9f27040, 0x0000018ab9f27338]
Event: 22.265 Thread 0x0000018ac7c4e4f0 2326   !   4       java.net.URLClassLoader$1::run (81 bytes)
Event: 22.265 Thread 0x0000018ac7c4ef90 nmethod 2430 0x0000018ab27e7690 code [0x0000018ab27e7840, 0x0000018ab27e7a08]
Event: 22.265 Thread 0x0000018ac7c4ef90 2429       1       org.gradle.api.internal.file.pattern.EndOfPathMatcher::getMaxSegments (2 bytes)
Event: 22.265 Thread 0x0000018ac7c4ef90 nmethod 2429 0x0000018ab9f27610 code [0x0000018ab9f277a0, 0x0000018ab9f27878]
Event: 22.265 Thread 0x0000018ac7c4ef90 2427       3       java.util.concurrent.ConcurrentLinkedQueue::updateHead (26 bytes)
Event: 22.267 Thread 0x0000018ac7c4ef90 nmethod 2427 0x0000018ab27e7b10 code [0x0000018ab27e7ea0, 0x0000018ab27e9578]
Event: 22.267 Thread 0x0000018ac7c4ef90 2431   !   3       jdk.internal.reflect.NativeMethodAccessorImpl::invoke (137 bytes)
Event: 22.269 Thread 0x0000018ac7c4ef90 nmethod 2431 0x0000018ab27e9c90 code [0x0000018ab27e9ee0, 0x0000018ab27eab08]
Event: 22.269 Thread 0x0000018ac7c4ef90 2433       3       java.util.concurrent.locks.ReentrantLock::<init> (16 bytes)
Event: 22.269 Thread 0x0000018ac7c4ef90 nmethod 2433 0x0000018ab27eb010 code [0x0000018ab27eb1e0, 0x0000018ab27eb5d8]
Event: 22.472 Thread 0x0000018ac7c4ef90 2435       3       java.lang.reflect.Constructor::getRoot (5 bytes)
Event: 22.473 Thread 0x0000018ac7c4ef90 nmethod 2435 0x0000018ab27eb790 code [0x0000018ab27eb920, 0x0000018ab27eba38]
Event: 22.545 Thread 0x0000018ac7c4ef90 2436       3       java.util.concurrent.locks.AbstractQueuedSynchronizer$Node::<init> (5 bytes)
Event: 22.545 Thread 0x0000018ac7c4ef90 nmethod 2436 0x0000018ab27ebb10 code [0x0000018ab27ebca0, 0x0000018ab27ebdf8]

GC Heap History (12 events):
Event: 3.477 GC heap before
{Heap before GC invocations=0 (full 0):
 garbage-first heap   total 131072K, used 15360K [0x00000000a0000000, 0x0000000100000000)
  region size 1024K, 13 young (13312K), 0 survivors (0K)
 Metaspace       used 7062K, committed 7232K, reserved 1056768K
  class space    used 605K, committed 704K, reserved 1048576K
}
Event: 3.588 GC heap after
{Heap after GC invocations=1 (full 0):
 garbage-first heap   total 131072K, used 3680K [0x00000000a0000000, 0x0000000100000000)
  region size 1024K, 2 young (2048K), 2 survivors (2048K)
 Metaspace       used 7062K, committed 7232K, reserved 1056768K
  class space    used 605K, committed 704K, reserved 1048576K
}
Event: 6.114 GC heap before
{Heap before GC invocations=1 (full 0):
 garbage-first heap   total 131072K, used 22112K [0x00000000a0000000, 0x0000000100000000)
  region size 1024K, 17 young (17408K), 2 survivors (2048K)
 Metaspace       used 11088K, committed 11264K, reserved 1064960K
  class space    used 1159K, committed 1280K, reserved 1048576K
}
Event: 6.120 GC heap after
{Heap after GC invocations=2 (full 0):
 garbage-first heap   total 131072K, used 9334K [0x00000000a0000000, 0x0000000100000000)
  region size 1024K, 3 young (3072K), 3 survivors (3072K)
 Metaspace       used 11088K, committed 11264K, reserved 1064960K
  class space    used 1159K, committed 1280K, reserved 1048576K
}
Event: 9.351 GC heap before
{Heap before GC invocations=2 (full 0):
 garbage-first heap   total 131072K, used 30838K [0x00000000a0000000, 0x0000000100000000)
  region size 1024K, 24 young (24576K), 3 survivors (3072K)
 Metaspace       used 11200K, committed 11392K, reserved 1064960K
  class space    used 1160K, committed 1280K, reserved 1048576K
}
Event: 9.359 GC heap after
{Heap after GC invocations=3 (full 0):
 garbage-first heap   total 131072K, used 11936K [0x00000000a0000000, 0x0000000100000000)
  region size 1024K, 3 young (3072K), 3 survivors (3072K)
 Metaspace       used 11200K, committed 11392K, reserved 1064960K
  class space    used 1160K, committed 1280K, reserved 1048576K
}
Event: 16.809 GC heap before
{Heap before GC invocations=3 (full 0):
 garbage-first heap   total 131072K, used 52896K [0x00000000a0000000, 0x0000000100000000)
  region size 1024K, 44 young (45056K), 3 survivors (3072K)
 Metaspace       used 21265K, committed 21504K, reserved 1073152K
  class space    used 2578K, committed 2688K, reserved 1048576K
}
Event: 16.821 GC heap after
{Heap after GC invocations=4 (full 0):
 garbage-first heap   total 131072K, used 17326K [0x00000000a0000000, 0x0000000100000000)
  region size 1024K, 8 young (8192K), 8 survivors (8192K)
 Metaspace       used 21265K, committed 21504K, reserved 1073152K
  class space    used 2578K, committed 2688K, reserved 1048576K
}
Event: 20.821 GC heap before
{Heap before GC invocations=5 (full 0):
 garbage-first heap   total 65536K, used 47022K [0x00000000a0000000, 0x0000000100000000)
  region size 1024K, 38 young (38912K), 8 survivors (8192K)
 Metaspace       used 26315K, committed 26624K, reserved 1073152K
  class space    used 3440K, committed 3584K, reserved 1048576K
}
Event: 20.834 GC heap after
{Heap after GC invocations=6 (full 0):
 garbage-first heap   total 65536K, used 19582K [0x00000000a0000000, 0x0000000100000000)
  region size 1024K, 3 young (3072K), 3 survivors (3072K)
 Metaspace       used 26315K, committed 26624K, reserved 1073152K
  class space    used 3440K, committed 3584K, reserved 1048576K
}
Event: 21.224 GC heap before
{Heap before GC invocations=6 (full 0):
 garbage-first heap   total 65536K, used 19582K [0x00000000a0000000, 0x0000000100000000)
  region size 1024K, 4 young (4096K), 3 survivors (3072K)
 Metaspace       used 26509K, committed 26816K, reserved 1073152K
  class space    used 3468K, committed 3584K, reserved 1048576K
}
Event: 21.240 GC heap after
{Heap after GC invocations=7 (full 0):
 garbage-first heap   total 65536K, used 19244K [0x00000000a0000000, 0x0000000100000000)
  region size 1024K, 1 young (1024K), 1 survivors (1024K)
 Metaspace       used 26509K, committed 26816K, reserved 1073152K
  class space    used 3468K, committed 3584K, reserved 1048576K
}

Dll operation events (2 events):
Event: 0.102 Loaded shared library C:\Program Files\Android\Android Studio\jbr\bin\java.dll
Event: 3.387 Loaded shared library C:\Program Files\Android\Android Studio\jbr\bin\verify.dll

Deoptimization events (20 events):
Event: 19.374 Thread 0x0000018ac7f14140 Uncommon trap: trap_request=0xffffffc6 fr.pc=0x0000018ab9eef090 relative=0x0000000000000c10
Event: 19.374 Thread 0x0000018ac7f14140 Uncommon trap: reason=bimorphic_or_optimized_type_check action=maybe_recompile pc=0x0000018ab9eef090 method=java.util.HashMap.getNode(Ljava/lang/Object;)Ljava/util/HashMap$Node; @ 63 c2
Event: 19.374 Thread 0x0000018ac7f14140 DEOPT PACKING pc=0x0000018ab9eef090 sp=0x0000006b268faa90
Event: 19.374 Thread 0x0000018ac7f14140 DEOPT UNPACKING pc=0x0000018ab98869a3 sp=0x0000006b268fa9c8 mode 2
Event: 19.374 Thread 0x0000018ac7f14140 Uncommon trap: trap_request=0xffffff45 fr.pc=0x0000018ab9eee5f4 relative=0x0000000000000174
Event: 19.374 Thread 0x0000018ac7f14140 Uncommon trap: reason=unstable_if action=reinterpret pc=0x0000018ab9eee5f4 method=java.util.HashMap.getNode(Ljava/lang/Object;)Ljava/util/HashMap$Node; @ 131 c2
Event: 19.374 Thread 0x0000018ac7f14140 DEOPT PACKING pc=0x0000018ab9eee5f4 sp=0x0000006b268faa90
Event: 19.374 Thread 0x0000018ac7f14140 DEOPT UNPACKING pc=0x0000018ab98869a3 sp=0x0000006b268fa9d0 mode 2
Event: 19.374 Thread 0x0000018ac7f14140 Uncommon trap: trap_request=0xffffff45 fr.pc=0x0000018ab9e0a188 relative=0x0000000000000248
Event: 19.374 Thread 0x0000018ac7f14140 Uncommon trap: reason=unstable_if action=reinterpret pc=0x0000018ab9e0a188 method=java.util.HashMap.getNode(Ljava/lang/Object;)Ljava/util/HashMap$Node; @ 66 c2
Event: 19.375 Thread 0x0000018ac7f14140 DEOPT PACKING pc=0x0000018ab9e0a188 sp=0x0000006b268faa40
Event: 19.375 Thread 0x0000018ac7f14140 DEOPT UNPACKING pc=0x0000018ab98869a3 sp=0x0000006b268fa9d0 mode 2
Event: 19.451 Thread 0x0000018ac7f14140 Uncommon trap: trap_request=0xffffff45 fr.pc=0x0000018ab9e817ec relative=0x00000000000003ac
Event: 19.451 Thread 0x0000018ac7f14140 Uncommon trap: reason=unstable_if action=reinterpret pc=0x0000018ab9e817ec method=java.util.concurrent.ConcurrentHashMap.get(Ljava/lang/Object;)Ljava/lang/Object; @ 76 c2
Event: 19.451 Thread 0x0000018ac7f14140 DEOPT PACKING pc=0x0000018ab9e817ec sp=0x0000006b268f9f40
Event: 19.452 Thread 0x0000018ac7f14140 DEOPT UNPACKING pc=0x0000018ab98869a3 sp=0x0000006b268f9eb8 mode 2
Event: 22.243 Thread 0x0000018ac7f14140 Uncommon trap: trap_request=0xffffff76 fr.pc=0x0000018ab9f1a274 relative=0x0000000000000154
Event: 22.243 Thread 0x0000018ac7f14140 Uncommon trap: reason=predicate action=maybe_recompile pc=0x0000018ab9f1a274 method=com.google.common.base.CharMatcher.indexIn(Ljava/lang/CharSequence;I)I @ 19 c2
Event: 22.243 Thread 0x0000018ac7f14140 DEOPT PACKING pc=0x0000018ab9f1a274 sp=0x0000006b268fb520
Event: 22.243 Thread 0x0000018ac7f14140 DEOPT UNPACKING pc=0x0000018ab98869a3 sp=0x0000006b268fb4b0 mode 2

Classes unloaded (0 events):
No events

Classes redefined (0 events):
No events

Internal exceptions (20 events):
Event: 16.042 Thread 0x0000018ac7f14140 Exception <a 'java/lang/NoSuchMethodError'{0x00000000a5c940b0}: 'java.lang.Object java.lang.invoke.Invokers$Holder.linkToTargetMethod(java.lang.Object, java.lang.Object, int, java.lang.Object)'> (0x00000000a5c940b0) 
thrown [s\src\hotspot\share\interpreter\linkResolver.cpp, line 771]
Event: 16.769 Thread 0x0000018ac7f14140 Exception <a 'java/lang/NoSuchMethodError'{0x00000000a55ceee8}: 'java.lang.Object java.lang.invoke.DirectMethodHandle$Holder.newInvokeSpecial(java.lang.Object, java.lang.Object, java.lang.Object, java.lang.Object, java.lang.Object, java.lang.Object)'> (0x00000000a55ceee8) 
thrown [s\src\hotspot\share\interpreter\linkResolver.cpp, line 771]
Event: 17.244 Thread 0x0000018ac7f14140 Exception <a 'java/lang/NoSuchMethodError'{0x00000000a3261c68}: 'int java.lang.invoke.DirectMethodHandle$Holder.invokeSpecialIFC(java.lang.Object, java.lang.Object, java.lang.Object, java.lang.Object)'> (0x00000000a3261c68) 
thrown [s\src\hotspot\share\interpreter\linkResolver.cpp, line 771]
Event: 17.248 Thread 0x0000018ac7f14140 Exception <a 'java/lang/NoSuchMethodError'{0x00000000a3270cc0}: 'java.lang.Object java.lang.invoke.DirectMethodHandle$Holder.invokeInterface(java.lang.Object, java.lang.Object, java.lang.Object)'> (0x00000000a3270cc0) 
thrown [s\src\hotspot\share\interpreter\linkResolver.cpp, line 771]
Event: 17.249 Thread 0x0000018ac7f14140 Exception <a 'java/lang/IncompatibleClassChangeError'{0x00000000a3274b98}: Found class java.lang.Object, but interface was expected> (0x00000000a3274b98) 
thrown [s\src\hotspot\share\interpreter\linkResolver.cpp, line 838]
Event: 17.752 Thread 0x0000018ac7f14140 Exception <a 'java/lang/NoSuchMethodError'{0x00000000a2f186f0}: 'int java.lang.invoke.DirectMethodHandle$Holder.invokeStatic(java.lang.Object, java.lang.Object, java.lang.Object, java.lang.Object)'> (0x00000000a2f186f0) 
thrown [s\src\hotspot\share\interpreter\linkResolver.cpp, line 771]
Event: 17.753 Thread 0x0000018ac7f14140 Exception <a 'java/lang/NoSuchMethodError'{0x00000000a2f1c5c0}: 'java.lang.Object java.lang.invoke.Invokers$Holder.invokeExact_MT(java.lang.Object, java.lang.Object, java.lang.Object, java.lang.Object, java.lang.Object, java.lang.Object)'> (0x00000000a2f1c5c0) 
thrown [s\src\hotspot\share\interpreter\linkResolver.cpp, line 771]
Event: 17.781 Thread 0x0000018ac7f14140 Exception <a 'java/lang/NoSuchMethodError'{0x00000000a2fc2f98}: 'java.lang.Object java.lang.invoke.DirectMethodHandle$Holder.invokeInterface(java.lang.Object, java.lang.Object)'> (0x00000000a2fc2f98) 
thrown [s\src\hotspot\share\interpreter\linkResolver.cpp, line 771]
Event: 17.963 Thread 0x0000018ac7f14140 Exception <a 'java/lang/NoSuchMethodError'{0x00000000a2d71c18}: 'void java.lang.invoke.DirectMethodHandle$Holder.invokeSpecial(java.lang.Object, java.lang.Object, java.lang.Object, java.lang.Object, java.lang.Object)'> (0x00000000a2d71c18) 
thrown [s\src\hotspot\share\interpreter\linkResolver.cpp, line 771]
Event: 18.177 Thread 0x0000018ac7f14140 Exception <a 'java/lang/NoSuchMethodError'{0x00000000a2cd0a48}: 'java.lang.Object java.lang.invoke.DirectMethodHandle$Holder.invokeSpecial(java.lang.Object, java.lang.Object, java.lang.Object, java.lang.Object, java.lang.Object, java.lang.Object, java.lang.Object, java.lang.Object, java.lang.Object)'> (0x00000000a2cd0a48) 
thrown [s\src\hotspot\share\interpreter\linkResolver.cpp, line 771]
Event: 18.589 Thread 0x0000018ac7f14140 Exception <a 'java/lang/NoSuchMethodError'{0x00000000a270f018}: 'void java.lang.invoke.DirectMethodHandle$Holder.invokeStatic(java.lang.Object, java.lang.Object)'> (0x00000000a270f018) 
thrown [s\src\hotspot\share\interpreter\linkResolver.cpp, line 771]
Event: 18.600 Thread 0x0000018ac7f14140 Exception <a 'java/lang/NoSuchMethodError'{0x00000000a2751960}: 'java.lang.Object java.lang.invoke.DirectMethodHandle$Holder.invokeVirtual(java.lang.Object, java.lang.Object, java.lang.Object, java.lang.Object)'> (0x00000000a2751960) 
thrown [s\src\hotspot\share\interpreter\linkResolver.cpp, line 771]
Event: 19.391 Thread 0x0000018ac7f14140 Exception <a 'java/lang/NoSuchMethodError'{0x00000000a25979f0}: 'java.lang.Object java.lang.invoke.DirectMethodHandle$Holder.newInvokeSpecial(java.lang.Object, java.lang.Object, java.lang.Object, java.lang.Object, java.lang.Object)'> (0x00000000a25979f0) 
thrown [s\src\hotspot\share\interpreter\linkResolver.cpp, line 771]
Event: 19.695 Thread 0x0000018ac7f14140 Exception <a 'java/lang/NoSuchMethodError'{0x00000000a2398450}: 'void java.lang.invoke.DirectMethodHandle$Holder.invokeSpecial(java.lang.Object, java.lang.Object, java.lang.Object, java.lang.Object, java.lang.Object, java.lang.Object)'> (0x00000000a2398450) 
thrown [s\src\hotspot\share\interpreter\linkResolver.cpp, line 771]
Event: 19.713 Thread 0x0000018ac7f14140 Exception <a 'java/lang/NoSuchMethodError'{0x00000000a23d3318}: 'java.lang.Object java.lang.invoke.DirectMethodHandle$Holder.newInvokeSpecial(java.lang.Object, java.lang.Object, java.lang.Object, java.lang.Object, java.lang.Object, java.lang.Object, java.lang.Object)'> (0x00000000a23d3318) 
thrown [s\src\hotspot\share\interpreter\linkResolver.cpp, line 771]
Event: 19.714 Thread 0x0000018ac7f14140 Exception <a 'java/lang/NoSuchMethodError'{0x00000000a23d7fe8}: 'java.lang.Object java.lang.invoke.Invokers$Holder.linkToTargetMethod(java.lang.Object, java.lang.Object, java.lang.Object, java.lang.Object, java.lang.Object, java.lang.Object, java.lang.Object)'> (0x00000000a23d7fe8) 
thrown [s\src\hotspot\share\interpreter\linkResolver.cpp, line 771]
Event: 19.789 Thread 0x0000018ac7f14140 Exception <a 'java/lang/NoSuchMethodError'{0x00000000a2290e08}: 'void java.lang.invoke.DirectMethodHandle$Holder.invokeSpecial(java.lang.Object, java.lang.Object, java.lang.Object, java.lang.Object, java.lang.Object, java.lang.Object, java.lang.Object)'> (0x00000000a2290e08) 
thrown [s\src\hotspot\share\interpreter\linkResolver.cpp, line 771]
Event: 19.935 Thread 0x0000018ac7f14140 Exception <a 'java/lang/NoSuchMethodError'{0x00000000a2025400}: 'java.lang.Object java.lang.invoke.DirectMethodHandle$Holder.invokeVirtual(java.lang.Object, java.lang.Object, java.lang.Object, java.lang.Object, java.lang.Object, java.lang.Object, java.lang.Object, java.lang.Object, java.lang.Object, java.lang.Object, java.lang.Object, java.lang.Object, java.lang.Object, java.lang.Object, java.lang.Object, java.lang.Object, java.lang.Object, java.lang.Object, java.lang.Object, java.lang.Object, java.lang.Ob
Event: 20.537 Thread 0x0000018ac7f14140 Exception <a 'java/lang/NoSuchMethodError'{0x00000000a1c243d8}: 'int java.lang.invoke.DirectMethodHandle$Holder.invokeStaticInit(java.lang.Object, java.lang.Object, java.lang.Object)'> (0x00000000a1c243d8) 
thrown [s\src\hotspot\share\interpreter\linkResolver.cpp, line 771]
Event: 21.243 Thread 0x0000018ac7f14140 Exception <a 'java/lang/NoSuchMethodError'{0x00000000a7f135f0}: 'void java.lang.invoke.DirectMethodHandle$Holder.invokeStaticInit(java.lang.Object, java.lang.Object)'> (0x00000000a7f135f0) 
thrown [s\src\hotspot\share\interpreter\linkResolver.cpp, line 771]

VM Operations (20 events):
Event: 16.800 Executing VM operation: HandshakeAllThreads
Event: 16.800 Executing VM operation: HandshakeAllThreads done
Event: 16.800 Executing VM operation: HandshakeAllThreads
Event: 16.800 Executing VM operation: HandshakeAllThreads done
Event: 16.809 Executing VM operation: CollectForMetadataAllocation
Event: 16.821 Executing VM operation: CollectForMetadataAllocation done
Event: 16.838 Executing VM operation: G1Concurrent
Event: 16.878 Executing VM operation: G1Concurrent done
Event: 16.882 Executing VM operation: G1Concurrent
Event: 16.885 Executing VM operation: G1Concurrent done
Event: 17.892 Executing VM operation: Cleanup
Event: 17.892 Executing VM operation: Cleanup done
Event: 18.895 Executing VM operation: Cleanup
Event: 18.895 Executing VM operation: Cleanup done
Event: 20.821 Executing VM operation: G1CollectForAllocation
Event: 20.834 Executing VM operation: G1CollectForAllocation done
Event: 21.223 Executing VM operation: G1CollectForAllocation
Event: 21.240 Executing VM operation: G1CollectForAllocation done
Event: 22.246 Executing VM operation: Cleanup
Event: 22.247 Executing VM operation: Cleanup done

Events (20 events):
Event: 20.528 loading class sun/reflect/misc/ReflectUtil done
Event: 20.852 loading class java/util/DualPivotQuicksort
Event: 20.853 loading class java/util/DualPivotQuicksort done
Event: 21.864 loading class java/util/function/UnaryOperator
Event: 21.865 loading class java/util/function/UnaryOperator done
Event: 21.890 loading class java/util/concurrent/TimeoutException
Event: 21.890 loading class java/util/concurrent/TimeoutException done
Event: 21.890 loading class java/util/concurrent/CancellationException
Event: 21.890 loading class java/util/concurrent/CancellationException done
Event: 22.102 loading class java/util/ServiceConfigurationError
Event: 22.103 loading class java/util/ServiceConfigurationError done
Event: 22.475 loading class java/util/stream/ForEachOps
Event: 22.492 loading class java/util/stream/ForEachOps done
Event: 22.492 loading class java/util/stream/ForEachOps$ForEachOp$OfRef
Event: 22.492 loading class java/util/stream/ForEachOps$ForEachOp
Event: 22.492 loading class java/util/stream/ForEachOps$ForEachOp done
Event: 22.492 loading class java/util/stream/ForEachOps$ForEachOp$OfRef done
Event: 22.505 Thread 0x0000018ac9064210 Thread added: 0x0000018ac9064210
Event: 22.505 loading class java/util/concurrent/locks/AbstractQueuedSynchronizer$SharedNode
Event: 22.505 loading class java/util/concurrent/locks/AbstractQueuedSynchronizer$SharedNode done


Dynamic libraries:
0x00007ff6e47b0000 - 0x00007ff6e47ba000 	C:\Program Files\Android\Android Studio\jbr\bin\java.exe
0x00007ffb339f0000 - 0x00007ffb33c04000 	C:\Windows\SYSTEM32\ntdll.dll
0x00007ffb32080000 - 0x00007ffb32144000 	C:\Windows\System32\KERNEL32.DLL
0x00007ffb30ec0000 - 0x00007ffb31264000 	C:\Windows\System32\KERNELBASE.dll
0x00007ffb30da0000 - 0x00007ffb30eb1000 	C:\Windows\System32\ucrtbase.dll
0x00007ffb1aad0000 - 0x00007ffb1aae7000 	C:\Program Files\Android\Android Studio\jbr\bin\jli.dll
0x00007ffb31910000 - 0x00007ffb31abe000 	C:\Windows\System32\USER32.dll
0x00007ffb314a0000 - 0x00007ffb314c6000 	C:\Windows\System32\win32u.dll
0x00007ffb31ac0000 - 0x00007ffb31ae9000 	C:\Windows\System32\GDI32.dll
0x00007ffb31270000 - 0x00007ffb31388000 	C:\Windows\System32\gdi32full.dll
0x00007ffb31390000 - 0x00007ffb3142a000 	C:\Windows\System32\msvcp_win.dll
0x00007ffb17c80000 - 0x00007ffb17c9b000 	C:\Program Files\Android\Android Studio\jbr\bin\VCRUNTIME140.dll
0x00007ffb1f490000 - 0x00007ffb1f723000 	C:\Windows\WinSxS\amd64_microsoft.windows.common-controls_6595b64144ccf1df_6.0.22621.2215_none_270d72677387dfc3\COMCTL32.dll
0x00007ffb330f0000 - 0x00007ffb33197000 	C:\Windows\System32\msvcrt.dll
0x00007ffb31b20000 - 0x00007ffb31b51000 	C:\Windows\System32\IMM32.DLL
0x00007ffb202c0000 - 0x00007ffb202cc000 	C:\Program Files\Android\Android Studio\jbr\bin\vcruntime140_1.dll
0x00007ffb08230000 - 0x00007ffb082bd000 	C:\Program Files\Android\Android Studio\jbr\bin\msvcp140.dll
0x00007ffadd8e0000 - 0x00007ffade54e000 	C:\Program Files\Android\Android Studio\jbr\bin\server\jvm.dll
0x00007ffb31780000 - 0x00007ffb31830000 	C:\Windows\System32\ADVAPI32.dll
0x00007ffb31860000 - 0x00007ffb31906000 	C:\Windows\System32\sechost.dll
0x00007ffb31c40000 - 0x00007ffb31d57000 	C:\Windows\System32\RPCRT4.dll
0x00007ffb1c710000 - 0x00007ffb1c719000 	C:\Windows\SYSTEM32\WSOCK32.dll
0x00007ffb32790000 - 0x00007ffb32801000 	C:\Windows\System32\WS2_32.dll
0x00007ffb2a7f0000 - 0x00007ffb2a824000 	C:\Windows\SYSTEM32\WINMM.dll
0x00007ffb1c250000 - 0x00007ffb1c25a000 	C:\Windows\SYSTEM32\VERSION.dll
0x00007ffb2fee0000 - 0x00007ffb2fef8000 	C:\Windows\SYSTEM32\kernel.appcore.dll
0x00007ffb1fff0000 - 0x00007ffb1fffa000 	C:\Program Files\Android\Android Studio\jbr\bin\jimage.dll
0x00007ffb1a5a0000 - 0x00007ffb1a7ce000 	C:\Windows\SYSTEM32\DBGHELP.DLL
0x00007ffb33620000 - 0x00007ffb339aa000 	C:\Windows\System32\combase.dll
0x00007ffb32660000 - 0x00007ffb32737000 	C:\Windows\System32\OLEAUT32.dll
0x00007ffb1a560000 - 0x00007ffb1a592000 	C:\Windows\SYSTEM32\dbgcore.DLL
0x00007ffb314d0000 - 0x00007ffb3154a000 	C:\Windows\System32\bcryptPrimitives.dll
0x00007ffb17c50000 - 0x00007ffb17c75000 	C:\Program Files\Android\Android Studio\jbr\bin\java.dll
0x00007ffb16f70000 - 0x00007ffb16f88000 	C:\Program Files\Android\Android Studio\jbr\bin\zip.dll
0x00007ffb32810000 - 0x00007ffb33033000 	C:\Windows\System32\SHELL32.dll
0x00007ffb2ed40000 - 0x00007ffb2f62a000 	C:\Windows\SYSTEM32\windows.storage.dll
0x00007ffb2ec00000 - 0x00007ffb2ed3e000 	C:\Windows\SYSTEM32\wintypes.dll
0x00007ffb31de0000 - 0x00007ffb31ed3000 	C:\Windows\System32\SHCORE.dll
0x00007ffb31b60000 - 0x00007ffb31bbe000 	C:\Windows\System32\shlwapi.dll
0x00007ffb30cd0000 - 0x00007ffb30cf6000 	C:\Windows\SYSTEM32\profapi.dll
0x00007ffb16d30000 - 0x00007ffb16d49000 	C:\Program Files\Android\Android Studio\jbr\bin\net.dll
0x00007ffb2af10000 - 0x00007ffb2b047000 	C:\Windows\SYSTEM32\WINHTTP.dll
0x00007ffb30360000 - 0x00007ffb303c9000 	C:\Windows\system32\mswsock.dll
0x00007ffb16d10000 - 0x00007ffb16d26000 	C:\Program Files\Android\Android Studio\jbr\bin\nio.dll
0x00007ffb1f740000 - 0x00007ffb1f750000 	C:\Program Files\Android\Android Studio\jbr\bin\verify.dll
0x00007ffb15260000 - 0x00007ffb15287000 	C:\Users\Premier\.gradle\native\e1d6ef7f7dcc3fd88c89a11ec53ec762bb8ba0a96d01ffa2cd45eb1d1d8dd5c5\windows-amd64\native-platform.dll
0x00007ffae8090000 - 0x00007ffae81d4000 	C:\Users\Premier\.gradle\native\0d407fdbe67a94daf76414ababcb853783967236a71b16ec16e742cd7a986fd3\windows-amd64\native-platform-file-events.dll
0x00007ffb2d510000 - 0x00007ffb2d519000 	C:\Program Files\Android\Android Studio\jbr\bin\management.dll
0x00007ffb202e0000 - 0x00007ffb202eb000 	C:\Program Files\Android\Android Studio\jbr\bin\management_ext.dll
0x00007ffb331a0000 - 0x00007ffb331a8000 	C:\Windows\System32\PSAPI.DLL
0x00007ffb305b0000 - 0x00007ffb305cb000 	C:\Windows\SYSTEM32\CRYPTSP.dll
0x00007ffb2fe50000 - 0x00007ffb2fe85000 	C:\Windows\system32\rsaenh.dll
0x00007ffb30450000 - 0x00007ffb3047c000 	C:\Windows\SYSTEM32\USERENV.dll
0x00007ffb30770000 - 0x00007ffb30798000 	C:\Windows\SYSTEM32\bcrypt.dll
0x00007ffb305d0000 - 0x00007ffb305dc000 	C:\Windows\SYSTEM32\CRYPTBASE.dll
0x00007ffb2f900000 - 0x00007ffb2f92d000 	C:\Windows\SYSTEM32\IPHLPAPI.DLL
0x00007ffb31830000 - 0x00007ffb31839000 	C:\Windows\System32\NSI.dll
0x00007ffb2b570000 - 0x00007ffb2b589000 	C:\Windows\SYSTEM32\dhcpcsvc6.DLL
0x00007ffb2aef0000 - 0x00007ffb2af0f000 	C:\Windows\SYSTEM32\dhcpcsvc.DLL
0x00007ffb2f970000 - 0x00007ffb2fa62000 	C:\Windows\SYSTEM32\DNSAPI.dll
0x00007ffb202d0000 - 0x00007ffb202d8000 	C:\Windows\system32\wshunix.dll

dbghelp: loaded successfully - version: 4.0.5 - missing functions: none
symbol engine: initialized successfully - sym options: 0x614 - pdb path: .;C:\Program Files\Android\Android Studio\jbr\bin;C:\Windows\SYSTEM32;C:\Windows\WinSxS\amd64_microsoft.windows.common-controls_6595b64144ccf1df_6.0.22621.2215_none_270d72677387dfc3;C:\Program Files\Android\Android Studio\jbr\bin\server;C:\Users\Premier\.gradle\native\e1d6ef7f7dcc3fd88c89a11ec53ec762bb8ba0a96d01ffa2cd45eb1d1d8dd5c5\windows-amd64;C:\Users\Premier\.gradle\native\0d407fdbe67a94daf76414ababcb853783967236a71b16ec16e742cd7a986fd3\windows-amd64

VM Arguments:
jvm_args: --add-opens=java.base/java.util=ALL-UNNAMED --add-opens=java.base/java.lang=ALL-UNNAMED --add-opens=java.base/java.lang.invoke=ALL-UNNAMED --add-opens=java.base/java.util=ALL-UNNAMED --add-opens=java.prefs/java.util.prefs=ALL-UNNAMED --add-opens=java.prefs/java.util.prefs=ALL-UNNAMED --add-opens=java.base/java.nio.charset=ALL-UNNAMED --add-opens=java.base/java.net=ALL-UNNAMED --add-opens=java.base/java.util.concurrent.atomic=ALL-UNNAMED -Xmx1536M -Dfile.encoding=windows-1252 -Duser.country=FR -Duser.language=fr -Duser.variant 
java_command: org.gradle.launcher.daemon.bootstrap.GradleDaemon 7.5
java_class_path (initial): C:\Users\Premier\.gradle\wrapper\dists\gradle-7.5-all\6qsw290k5lz422uaf8jf6m7co\gradle-7.5\lib\gradle-launcher-7.5.jar
Launcher Type: SUN_STANDARD

[Global flags]
     intx CICompilerCount                          = 3                                         {product} {ergonomic}
     uint ConcGCThreads                            = 1                                         {product} {ergonomic}
     uint G1ConcRefinementThreads                  = 4                                         {product} {ergonomic}
   size_t G1HeapRegionSize                         = 1048576                                   {product} {ergonomic}
    uintx GCDrainStackTargetSize                   = 64                                        {product} {ergonomic}
   size_t InitialHeapSize                          = 134217728                                 {product} {ergonomic}
   size_t MarkStackSize                            = 4194304                                   {product} {ergonomic}
   size_t MaxHeapSize                              = 1610612736                                {product} {command line}
   size_t MaxNewSize                               = 965738496                                 {product} {ergonomic}
   size_t MinHeapDeltaBytes                        = 1048576                                   {product} {ergonomic}
   size_t MinHeapSize                              = 8388608                                   {product} {ergonomic}
    uintx NonNMethodCodeHeapSize                   = 5832780                                {pd product} {ergonomic}
    uintx NonProfiledCodeHeapSize                  = 122912730                              {pd product} {ergonomic}
    uintx ProfiledCodeHeapSize                     = 122912730                              {pd product} {ergonomic}
    uintx ReservedCodeCacheSize                    = 251658240                              {pd product} {ergonomic}
     bool SegmentedCodeCache                       = true                                      {product} {ergonomic}
   size_t SoftMaxHeapSize                          = 1610612736                             {manageable} {ergonomic}
     bool UseCompressedClassPointers               = true                           {product lp64_product} {ergonomic}
     bool UseCompressedOops                        = true                           {product lp64_product} {ergonomic}
     bool UseG1GC                                  = true                                      {product} {ergonomic}
     bool UseLargePagesIndividualAllocation        = false                                  {pd product} {ergonomic}

Logging:
Log output configuration:
 #0: stdout all=warning uptime,level,tags
 #1: stderr all=off uptime,level,tags

Environment Variables:
JAVA_HOME=C:\Program Files\Android\Android Studio\jbr
CLASSPATH=C:\Dev\EdgeSquare\BananaExpress\BananaExpress_mobile\android\\gradle\wrapper\gradle-wrapper.jar
PATH=C:\Program Files\Android\Android Studio\jbr\bin;C:\Python312\Scripts\;C:\Program Files\Common Files\Oracle\Java\javapath;C:\Program Files (x86)\Common Files\Oracle\Java\javapath;C:\Windows\system32;C:\Windows;C:\Windows\System32\Wbem;C:\Windows\System32\WindowsPowerShell\v1.0\;C:\Windows\System32\OpenSSH\;C:\Program Files\Symfony\symfony.exe;C:\flutter\bin;C:\Program Files\cmdline-tools\bin;C:\Program Files\Java\jdk-11\bin;C:\Program Files\Java\jre1.8.0_361\bin;C:\ProgramData\ComposerSetup\bin;C:\nuget.exe;C:\nuget;C:\Program Files\Docker\cli-plugins;C:\Dev\OnNext\ffmpeg-6.0-essentials_build\bin;C:\Program Files\Git\cmd;C:\Program Files\PuTTY\;C:\ProgramData\chocolatey\bin;C:\Users\Premier\AppData\Roaming\nvm;C:\Program Files\nodejs;C:\Program Files (x86)\Yarn\bin\;C:\Users\Premier\AppData\Local\Microsoft\WindowsApps;C:\flutter\bin;C:\Program Files\Symfony;C:\Program Files\cmdline-tools\bin;C:\wamp64\bin\php\php8.1.0;C:\Users\Premier\AppData\Roaming\Composer\vendor\bin;C:\Users\Premier\AppData\Local\Android\Sdk\platform-tools;C:\nuget.exe;C:\nuget;C:\Program Files\Java\jdk-11\bin;C:\Program Files\Docker\cli-plugins;C:\Program Files\PostgreSQL\9.2\bin;C:\Dev\OnNext\ffmpeg-6.0-essentials_build\bin;C:\wamp64\bin\php\php8.1.0\php-opencv;C:\Users\Premier\AppData\Local\Programs\Microsoft VS Code\bin;C:\Users\Premier\AppData\Roaming\nvm;C:\Program Files\nodejs;C:\Program Files\nodejs;C:\Program Files (x86)\kotlinc\bin;C:\Users\Premier\AppData\Local\Yarn\bin;;C:\flutter\bin\mingit\cmd
USERNAME=Premier
OS=Windows_NT
PROCESSOR_IDENTIFIER=Intel64 Family 6 Model 60 Stepping 3, GenuineIntel
TMP=C:\Users\Premier\AppData\Local\Temp
TEMP=C:\Users\Premier\AppData\Local\Temp


JNI global refs:
JNI global refs: 22, weak refs: 0

JNI global refs memory usage: 843, weak refs: 841


---------------  S Y S T E M  ---------------

OS:
 Windows 11 , 64 bit Build 22621 (10.0.22621.2215)
OS uptime: 0 days 12:32 hours

CPU: total 4 (initial active 4) (2 cores per cpu, 2 threads per core) family 6 model 60 stepping 3 microcode 0x28, cx8, cmov, fxsr, ht, mmx, sse, sse2, sse3, ssse3, sse4.1, sse4.2, popcnt, lzcnt, tsc, tscinvbit, avx, avx2, erms, clmul, bmi1, bmi2, fma, vzeroupper, clflush

Memory: 4k page, system-wide physical 8121M (354M free)
TotalPageFile size 18339M (AvailPageFile size 4M)
current process WorkingSet (physical memory assigned to process): 165M, peak: 167M
current process commit charge ("private bytes"): 200M, peak: 243M

vm_info: OpenJDK 64-Bit Server VM (17.0.6+0-b2043.56-10027231) for windows-amd64 JRE (17.0.6+0-b2043.56-10027231), built on Apr 28 2023 00:43:19 by "androidbuild" with MS VC++ 16.10 / 16.11 (VS2019)

END.
