#
# There is insufficient memory for the Java Runtime Environment to continue.
# Native memory allocation (malloc) failed to allocate 274096 bytes for Chunk::new
# Possible reasons:
#   The system is out of physical RAM or swap space
#   The process is running with CompressedOops enabled, and the Java Heap may be blocking the growth of the native heap
# Possible solutions:
#   Reduce memory load on the system
#   Increase physical memory or swap space
#   Check if swap backing store is full
#   Decrease Java heap size (-Xmx/-Xms)
#   Decrease number of Java threads
#   Decrease Java thread stack sizes (-Xss)
#   Set larger code cache with -XX:ReservedCodeCacheSize=
#   JVM is running with Unscaled Compressed Oops mode in which the Java heap is
#     placed in the first 4GB address space. The Java Heap base address is the
#     maximum limit for the native heap growth. Please use -XX:HeapBaseMinAddress
#     to set the Java Heap base and to place the Java Heap above 4GB virtual address.
# This output file may be truncated or incomplete.
#
#  Out of Memory Error (./open/src/hotspot/share/memory/arena.cpp:197), pid=20380, tid=3328
#
# JRE version: Java(TM) SE Runtime Environment 18.9 (11.0.19+9) (build 11.0.19+9-LTS-224)
# Java VM: Java HotSpot(TM) 64-Bit Server VM 18.9 (11.0.19+9-LTS-224, mixed mode, tiered, compressed oops, g1 gc, windows-amd64)
# No core dump will be written. Minidumps are not enabled by default on client versions of Windows
#

---------------  S U M M A R Y ------------

Command Line: -Dorg.gradle.appname=gradlew org.gradle.wrapper.GradleWrapperMain -q -Ptarget-platform=android-arm -Ptarget=C:\\Dev\\EdgeSquare\\Babana Express\\be_mobile\\lib\\main.dart -Pbase-application-name=android.app.Application -Pdart-defines=RkxVVFRFUl9XRUJfQVVUT19ERVRFQ1Q9dHJ1ZQ==,RkxVVFRFUl9XRUJfQ0FOVkFTS0lUX1VSTD1odHRwczovL3d3dy5nc3RhdGljLmNvbS9mbHV0dGVyLWNhbnZhc2tpdC85MDY0NDU5YThiMGRjZDMyODc3MTA3ZjYwMDJjYzQyOWE3MTY1OWQxLw== -Pdart-obfuscation=false -Ptrack-widget-creation=true -Ptree-shake-icons=false -Pfilesystem-scheme=org-dartlang-root assembleDebug

Host: Intel(R) Core(TM) i3-4000M CPU @ 2.40GHz, 4 cores, 7G,  Windows 11 , 64 bit Build 22621 (10.0.22621.2506)
Time: Wed Dec 20 16:28:56 2023 Paris, Madrid elapsed time: 12.412143 seconds (0d 0h 0m 12s)

---------------  T H R E A D  ---------------

Current thread (0x000001d44d0a8000):  JavaThread "C2 CompilerThread0" daemon [_thread_in_native, id=3328, stack(0x000000c240800000,0x000000c240900000)]


Current CompileTask:
C2:  12412 1190       4       java.io.DataInputStream::readUTF (501 bytes)

Stack: [0x000000c240800000,0x000000c240900000]
Native frames: (J=compiled Java code, j=interpreted, Vv=VM code, C=native code)
V  [jvm.dll+0x65fe1a]
V  [jvm.dll+0x7a2bbf]
V  [jvm.dll+0x7a4289]
V  [jvm.dll+0x7a4923]
V  [jvm.dll+0x258a25]
V  [jvm.dll+0xb29cc]
V  [jvm.dll+0xb2f8c]
V  [jvm.dll+0x3670df]
V  [jvm.dll+0x32fdf5]
V  [jvm.dll+0x32f1da]
V  [jvm.dll+0x21172d]
V  [jvm.dll+0x2106f8]
V  [jvm.dll+0x18c841]
V  [jvm.dll+0x220989]
V  [jvm.dll+0x21ecac]
V  [jvm.dll+0x766921]
V  [jvm.dll+0x75f2e4]
V  [jvm.dll+0x65ecc5]
C  [ucrtbase.dll+0x29363]
C  [KERNEL32.DLL+0x1257d]
C  [ntdll.dll+0x5aa58]


---------------  P R O C E S S  ---------------

Threads class SMR info:
_java_thread_list=0x000001d44e57aa20, length=11, elements={
0x000001d42f95f800, 0x000001d44d083800, 0x000001d44d08d000, 0x000001d44d09f000,
0x000001d44d0a1000, 0x000001d44d0a2800, 0x000001d44d0a8000, 0x000001d44d0af800,
0x000001d44d0b5000, 0x000001d44db9b800, 0x000001d44e8dc000
}

Java Threads: ( => current thread )
  0x000001d42f95f800 JavaThread "main" [_thread_in_vm, id=17004, stack(0x000000c23fc00000,0x000000c23fd00000)]
  0x000001d44d083800 JavaThread "Reference Handler" daemon [_thread_blocked, id=9228, stack(0x000000c240300000,0x000000c240400000)]
  0x000001d44d08d000 JavaThread "Finalizer" daemon [_thread_blocked, id=20072, stack(0x000000c240400000,0x000000c240500000)]
  0x000001d44d09f000 JavaThread "Signal Dispatcher" daemon [_thread_blocked, id=17732, stack(0x000000c240500000,0x000000c240600000)]
  0x000001d44d0a1000 JavaThread "Attach Listener" daemon [_thread_blocked, id=17188, stack(0x000000c240600000,0x000000c240700000)]
  0x000001d44d0a2800 JavaThread "Service Thread" daemon [_thread_blocked, id=2352, stack(0x000000c240700000,0x000000c240800000)]
=>0x000001d44d0a8000 JavaThread "C2 CompilerThread0" daemon [_thread_in_native, id=3328, stack(0x000000c240800000,0x000000c240900000)]
  0x000001d44d0af800 JavaThread "C1 CompilerThread0" daemon [_thread_blocked, id=20440, stack(0x000000c240900000,0x000000c240a00000)]
  0x000001d44d0b5000 JavaThread "Sweeper thread" daemon [_thread_blocked, id=20280, stack(0x000000c240a00000,0x000000c240b00000)]
  0x000001d44db9b800 JavaThread "Common-Cleaner" daemon [_thread_blocked, id=15516, stack(0x000000c240c00000,0x000000c240d00000)]
  0x000001d44e8dc000 JavaThread "pool-1-thread-1" [_thread_blocked, id=17496, stack(0x000000c240f00000,0x000000c241000000)]

Other Threads:
  0x000001d44d05f000 VMThread "VM Thread" [stack: 0x000000c240200000,0x000000c240300000] [id=15520]
  0x000001d44db97000 WatcherThread [stack: 0x000000c240b00000,0x000000c240c00000] [id=12876]
  0x000001d42f976800 GCTaskThread "GC Thread#0" [stack: 0x000000c23fd00000,0x000000c23fe00000] [id=19976]
  0x000001d44de54800 GCTaskThread "GC Thread#1" [stack: 0x000000c240d00000,0x000000c240e00000] [id=8920]
  0x000001d44df3f800 GCTaskThread "GC Thread#2" [stack: 0x000000c240e00000,0x000000c240f00000] [id=2660]
  0x000001d42f9a8000 ConcurrentGCThread "G1 Main Marker" [stack: 0x000000c23fe00000,0x000000c23ff00000] [id=16576]
  0x000001d42f9a9800 ConcurrentGCThread "G1 Conc#0" [stack: 0x000000c23ff00000,0x000000c240000000] [id=6232]
  0x000001d44ced0800 ConcurrentGCThread "G1 Refine#0" [stack: 0x000000c240000000,0x000000c240100000] [id=13020]
  0x000001d44ced1800 ConcurrentGCThread "G1 Young RemSet Sampling" [stack: 0x000000c240100000,0x000000c240200000] [id=2632]

Threads with active compile tasks:
C2 CompilerThread0    12471 1190       4       java.io.DataInputStream::readUTF (501 bytes)

VM state:not at safepoint (normal execution)

VM Mutex/Monitor currently owned by a thread: None

Heap address: 0x0000000081400000, size: 2028 MB, Compressed Oops mode: 32-bit
Narrow klass base: 0x0000000000000000, Narrow klass shift: 3
Compressed class space size: 1073741824 Address: 0x0000000100000000

Heap:
 garbage-first heap   total 131072K, used 27106K [0x0000000081400000, 0x0000000100000000)
  region size 1024K, 20 young (20480K), 2 survivors (2048K)
 Metaspace       used 15421K, capacity 15802K, committed 16000K, reserved 1069056K
  class space    used 1780K, capacity 1913K, committed 1920K, reserved 1048576K
Heap Regions: E=young(eden), S=young(survivor), O=old, HS=humongous(starts), HC=humongous(continues), CS=collection set, F=free, A=archive, TAMS=top-at-mark-start (previous, next)
|   0|0x0000000081400000, 0x0000000081500000, 0x0000000081500000|100%|HS|  |TAMS 0x0000000081400000, 0x0000000081400000| Complete 
|   1|0x0000000081500000, 0x0000000081600000, 0x0000000081600000|100%|HC|  |TAMS 0x0000000081500000, 0x0000000081500000| Complete 
|   2|0x0000000081600000, 0x0000000081700000, 0x0000000081700000|100%|HC|  |TAMS 0x0000000081600000, 0x0000000081600000| Complete 
|   3|0x0000000081700000, 0x0000000081800000, 0x0000000081800000|100%| O|  |TAMS 0x0000000081700000, 0x0000000081700000| Untracked 
|   4|0x0000000081800000, 0x0000000081900000, 0x0000000081900000|100%| O|  |TAMS 0x0000000081800000, 0x0000000081800000| Untracked 
|   5|0x0000000081900000, 0x0000000081a00000, 0x0000000081a00000|100%| O|  |TAMS 0x0000000081900000, 0x0000000081900000| Untracked 
|   6|0x0000000081a00000, 0x0000000081b00000, 0x0000000081b00000|100%| O|  |TAMS 0x0000000081a00000, 0x0000000081a00000| Untracked 
|   7|0x0000000081b00000, 0x0000000081b78a00, 0x0000000081c00000| 47%| O|  |TAMS 0x0000000081b00000, 0x0000000081b00000| Untracked 
|   8|0x0000000081c00000, 0x0000000081c00000, 0x0000000081d00000|  0%| F|  |TAMS 0x0000000081c00000, 0x0000000081c00000| Untracked 
|   9|0x0000000081d00000, 0x0000000081d00000, 0x0000000081e00000|  0%| F|  |TAMS 0x0000000081d00000, 0x0000000081d00000| Untracked 
|  10|0x0000000081e00000, 0x0000000081e00000, 0x0000000081f00000|  0%| F|  |TAMS 0x0000000081e00000, 0x0000000081e00000| Untracked 
|  11|0x0000000081f00000, 0x0000000081f00000, 0x0000000082000000|  0%| F|  |TAMS 0x0000000081f00000, 0x0000000081f00000| Untracked 
|  12|0x0000000082000000, 0x0000000082000000, 0x0000000082100000|  0%| F|  |TAMS 0x0000000082000000, 0x0000000082000000| Untracked 
|  13|0x0000000082100000, 0x0000000082100000, 0x0000000082200000|  0%| F|  |TAMS 0x0000000082100000, 0x0000000082100000| Untracked 
|  14|0x0000000082200000, 0x0000000082200000, 0x0000000082300000|  0%| F|  |TAMS 0x0000000082200000, 0x0000000082200000| Untracked 
|  15|0x0000000082300000, 0x0000000082300000, 0x0000000082400000|  0%| F|  |TAMS 0x0000000082300000, 0x0000000082300000| Untracked 
|  16|0x0000000082400000, 0x0000000082400000, 0x0000000082500000|  0%| F|  |TAMS 0x0000000082400000, 0x0000000082400000| Untracked 
|  17|0x0000000082500000, 0x0000000082500000, 0x0000000082600000|  0%| F|  |TAMS 0x0000000082500000, 0x0000000082500000| Untracked 
|  18|0x0000000082600000, 0x0000000082600000, 0x0000000082700000|  0%| F|  |TAMS 0x0000000082600000, 0x0000000082600000| Untracked 
|  19|0x0000000082700000, 0x0000000082700000, 0x0000000082800000|  0%| F|  |TAMS 0x0000000082700000, 0x0000000082700000| Untracked 
|  20|0x0000000082800000, 0x0000000082800000, 0x0000000082900000|  0%| F|  |TAMS 0x0000000082800000, 0x0000000082800000| Untracked 
|  21|0x0000000082900000, 0x0000000082900000, 0x0000000082a00000|  0%| F|  |TAMS 0x0000000082900000, 0x0000000082900000| Untracked 
|  22|0x0000000082a00000, 0x0000000082a00000, 0x0000000082b00000|  0%| F|  |TAMS 0x0000000082a00000, 0x0000000082a00000| Untracked 
|  23|0x0000000082b00000, 0x0000000082b00000, 0x0000000082c00000|  0%| F|  |TAMS 0x0000000082b00000, 0x0000000082b00000| Untracked 
|  24|0x0000000082c00000, 0x0000000082c00000, 0x0000000082d00000|  0%| F|  |TAMS 0x0000000082c00000, 0x0000000082c00000| Untracked 
|  25|0x0000000082d00000, 0x0000000082d00000, 0x0000000082e00000|  0%| F|  |TAMS 0x0000000082d00000, 0x0000000082d00000| Untracked 
|  26|0x0000000082e00000, 0x0000000082e00000, 0x0000000082f00000|  0%| F|  |TAMS 0x0000000082e00000, 0x0000000082e00000| Untracked 
|  27|0x0000000082f00000, 0x0000000082f00000, 0x0000000083000000|  0%| F|  |TAMS 0x0000000082f00000, 0x0000000082f00000| Untracked 
|  28|0x0000000083000000, 0x0000000083000000, 0x0000000083100000|  0%| F|  |TAMS 0x0000000083000000, 0x0000000083000000| Untracked 
|  29|0x0000000083100000, 0x0000000083100000, 0x0000000083200000|  0%| F|  |TAMS 0x0000000083100000, 0x0000000083100000| Untracked 
|  30|0x0000000083200000, 0x0000000083200000, 0x0000000083300000|  0%| F|  |TAMS 0x0000000083200000, 0x0000000083200000| Untracked 
|  31|0x0000000083300000, 0x0000000083300000, 0x0000000083400000|  0%| F|  |TAMS 0x0000000083300000, 0x0000000083300000| Untracked 
|  32|0x0000000083400000, 0x0000000083400000, 0x0000000083500000|  0%| F|  |TAMS 0x0000000083400000, 0x0000000083400000| Untracked 
|  33|0x0000000083500000, 0x0000000083500000, 0x0000000083600000|  0%| F|  |TAMS 0x0000000083500000, 0x0000000083500000| Untracked 
|  34|0x0000000083600000, 0x0000000083600000, 0x0000000083700000|  0%| F|  |TAMS 0x0000000083600000, 0x0000000083600000| Untracked 
|  35|0x0000000083700000, 0x0000000083700000, 0x0000000083800000|  0%| F|  |TAMS 0x0000000083700000, 0x0000000083700000| Untracked 
|  36|0x0000000083800000, 0x0000000083800000, 0x0000000083900000|  0%| F|  |TAMS 0x0000000083800000, 0x0000000083800000| Untracked 
|  37|0x0000000083900000, 0x0000000083900000, 0x0000000083a00000|  0%| F|  |TAMS 0x0000000083900000, 0x0000000083900000| Untracked 
|  38|0x0000000083a00000, 0x0000000083a00000, 0x0000000083b00000|  0%| F|  |TAMS 0x0000000083a00000, 0x0000000083a00000| Untracked 
|  39|0x0000000083b00000, 0x0000000083b00000, 0x0000000083c00000|  0%| F|  |TAMS 0x0000000083b00000, 0x0000000083b00000| Untracked 
|  40|0x0000000083c00000, 0x0000000083c00000, 0x0000000083d00000|  0%| F|  |TAMS 0x0000000083c00000, 0x0000000083c00000| Untracked 
|  41|0x0000000083d00000, 0x0000000083d00000, 0x0000000083e00000|  0%| F|  |TAMS 0x0000000083d00000, 0x0000000083d00000| Untracked 
|  42|0x0000000083e00000, 0x0000000083e00000, 0x0000000083f00000|  0%| F|  |TAMS 0x0000000083e00000, 0x0000000083e00000| Untracked 
|  43|0x0000000083f00000, 0x0000000083f00000, 0x0000000084000000|  0%| F|  |TAMS 0x0000000083f00000, 0x0000000083f00000| Untracked 
|  44|0x0000000084000000, 0x0000000084000000, 0x0000000084100000|  0%| F|  |TAMS 0x0000000084000000, 0x0000000084000000| Untracked 
|  45|0x0000000084100000, 0x0000000084100000, 0x0000000084200000|  0%| F|  |TAMS 0x0000000084100000, 0x0000000084100000| Untracked 
|  46|0x0000000084200000, 0x0000000084200000, 0x0000000084300000|  0%| F|  |TAMS 0x0000000084200000, 0x0000000084200000| Untracked 
|  47|0x0000000084300000, 0x0000000084300000, 0x0000000084400000|  0%| F|  |TAMS 0x0000000084300000, 0x0000000084300000| Untracked 
|  48|0x0000000084400000, 0x0000000084400000, 0x0000000084500000|  0%| F|  |TAMS 0x0000000084400000, 0x0000000084400000| Untracked 
|  49|0x0000000084500000, 0x0000000084500000, 0x0000000084600000|  0%| F|  |TAMS 0x0000000084500000, 0x0000000084500000| Untracked 
|  50|0x0000000084600000, 0x0000000084600000, 0x0000000084700000|  0%| F|  |TAMS 0x0000000084600000, 0x0000000084600000| Untracked 
|  51|0x0000000084700000, 0x0000000084700000, 0x0000000084800000|  0%| F|  |TAMS 0x0000000084700000, 0x0000000084700000| Untracked 
|  52|0x0000000084800000, 0x0000000084800000, 0x0000000084900000|  0%| F|  |TAMS 0x0000000084800000, 0x0000000084800000| Untracked 
|  53|0x0000000084900000, 0x0000000084900000, 0x0000000084a00000|  0%| F|  |TAMS 0x0000000084900000, 0x0000000084900000| Untracked 
|  54|0x0000000084a00000, 0x0000000084a00000, 0x0000000084b00000|  0%| F|  |TAMS 0x0000000084a00000, 0x0000000084a00000| Untracked 
|  55|0x0000000084b00000, 0x0000000084b00000, 0x0000000084c00000|  0%| F|  |TAMS 0x0000000084b00000, 0x0000000084b00000| Untracked 
|  56|0x0000000084c00000, 0x0000000084c00000, 0x0000000084d00000|  0%| F|  |TAMS 0x0000000084c00000, 0x0000000084c00000| Untracked 
|  57|0x0000000084d00000, 0x0000000084d00000, 0x0000000084e00000|  0%| F|  |TAMS 0x0000000084d00000, 0x0000000084d00000| Untracked 
|  58|0x0000000084e00000, 0x0000000084e00000, 0x0000000084f00000|  0%| F|  |TAMS 0x0000000084e00000, 0x0000000084e00000| Untracked 
|  59|0x0000000084f00000, 0x0000000084f00000, 0x0000000085000000|  0%| F|  |TAMS 0x0000000084f00000, 0x0000000084f00000| Untracked 
|  60|0x0000000085000000, 0x0000000085000000, 0x0000000085100000|  0%| F|  |TAMS 0x0000000085000000, 0x0000000085000000| Untracked 
|  61|0x0000000085100000, 0x0000000085100000, 0x0000000085200000|  0%| F|  |TAMS 0x0000000085100000, 0x0000000085100000| Untracked 
|  62|0x0000000085200000, 0x0000000085200000, 0x0000000085300000|  0%| F|  |TAMS 0x0000000085200000, 0x0000000085200000| Untracked 
|  63|0x0000000085300000, 0x0000000085300000, 0x0000000085400000|  0%| F|  |TAMS 0x0000000085300000, 0x0000000085300000| Untracked 
|  64|0x0000000085400000, 0x0000000085400000, 0x0000000085500000|  0%| F|  |TAMS 0x0000000085400000, 0x0000000085400000| Untracked 
|  65|0x0000000085500000, 0x0000000085500000, 0x0000000085600000|  0%| F|  |TAMS 0x0000000085500000, 0x0000000085500000| Untracked 
|  66|0x0000000085600000, 0x0000000085600000, 0x0000000085700000|  0%| F|  |TAMS 0x0000000085600000, 0x0000000085600000| Untracked 
|  67|0x0000000085700000, 0x0000000085700000, 0x0000000085800000|  0%| F|  |TAMS 0x0000000085700000, 0x0000000085700000| Untracked 
|  68|0x0000000085800000, 0x0000000085800000, 0x0000000085900000|  0%| F|  |TAMS 0x0000000085800000, 0x0000000085800000| Untracked 
|  69|0x0000000085900000, 0x0000000085900000, 0x0000000085a00000|  0%| F|  |TAMS 0x0000000085900000, 0x0000000085900000| Untracked 
|  70|0x0000000085a00000, 0x0000000085a00000, 0x0000000085b00000|  0%| F|  |TAMS 0x0000000085a00000, 0x0000000085a00000| Untracked 
|  71|0x0000000085b00000, 0x0000000085b00000, 0x0000000085c00000|  0%| F|  |TAMS 0x0000000085b00000, 0x0000000085b00000| Untracked 
|  72|0x0000000085c00000, 0x0000000085c00000, 0x0000000085d00000|  0%| F|  |TAMS 0x0000000085c00000, 0x0000000085c00000| Untracked 
|  73|0x0000000085d00000, 0x0000000085d00000, 0x0000000085e00000|  0%| F|  |TAMS 0x0000000085d00000, 0x0000000085d00000| Untracked 
|  74|0x0000000085e00000, 0x0000000085e00000, 0x0000000085f00000|  0%| F|  |TAMS 0x0000000085e00000, 0x0000000085e00000| Untracked 
|  75|0x0000000085f00000, 0x0000000085f00000, 0x0000000086000000|  0%| F|  |TAMS 0x0000000085f00000, 0x0000000085f00000| Untracked 
|  76|0x0000000086000000, 0x0000000086000000, 0x0000000086100000|  0%| F|  |TAMS 0x0000000086000000, 0x0000000086000000| Untracked 
|  77|0x0000000086100000, 0x0000000086100000, 0x0000000086200000|  0%| F|  |TAMS 0x0000000086100000, 0x0000000086100000| Untracked 
|  78|0x0000000086200000, 0x0000000086200000, 0x0000000086300000|  0%| F|  |TAMS 0x0000000086200000, 0x0000000086200000| Untracked 
|  79|0x0000000086300000, 0x0000000086300000, 0x0000000086400000|  0%| F|  |TAMS 0x0000000086300000, 0x0000000086300000| Untracked 
|  80|0x0000000086400000, 0x0000000086400000, 0x0000000086500000|  0%| F|  |TAMS 0x0000000086400000, 0x0000000086400000| Untracked 
|  81|0x0000000086500000, 0x0000000086500000, 0x0000000086600000|  0%| F|  |TAMS 0x0000000086500000, 0x0000000086500000| Untracked 
|  82|0x0000000086600000, 0x0000000086600000, 0x0000000086700000|  0%| F|  |TAMS 0x0000000086600000, 0x0000000086600000| Untracked 
|  83|0x0000000086700000, 0x0000000086700000, 0x0000000086800000|  0%| F|  |TAMS 0x0000000086700000, 0x0000000086700000| Untracked 
|  84|0x0000000086800000, 0x0000000086800000, 0x0000000086900000|  0%| F|  |TAMS 0x0000000086800000, 0x0000000086800000| Untracked 
|  85|0x0000000086900000, 0x0000000086900000, 0x0000000086a00000|  0%| F|  |TAMS 0x0000000086900000, 0x0000000086900000| Untracked 
|  86|0x0000000086a00000, 0x0000000086a00000, 0x0000000086b00000|  0%| F|  |TAMS 0x0000000086a00000, 0x0000000086a00000| Untracked 
|  87|0x0000000086b00000, 0x0000000086b00000, 0x0000000086c00000|  0%| F|  |TAMS 0x0000000086b00000, 0x0000000086b00000| Untracked 
|  88|0x0000000086c00000, 0x0000000086c00000, 0x0000000086d00000|  0%| F|  |TAMS 0x0000000086c00000, 0x0000000086c00000| Untracked 
|  89|0x0000000086d00000, 0x0000000086d00000, 0x0000000086e00000|  0%| F|  |TAMS 0x0000000086d00000, 0x0000000086d00000| Untracked 
|  90|0x0000000086e00000, 0x0000000086e00000, 0x0000000086f00000|  0%| F|  |TAMS 0x0000000086e00000, 0x0000000086e00000| Untracked 
|  91|0x0000000086f00000, 0x0000000086f00000, 0x0000000087000000|  0%| F|  |TAMS 0x0000000086f00000, 0x0000000086f00000| Untracked 
|  92|0x0000000087000000, 0x0000000087000000, 0x0000000087100000|  0%| F|  |TAMS 0x0000000087000000, 0x0000000087000000| Untracked 
|  93|0x0000000087100000, 0x0000000087100000, 0x0000000087200000|  0%| F|  |TAMS 0x0000000087100000, 0x0000000087100000| Untracked 
|  94|0x0000000087200000, 0x0000000087200000, 0x0000000087300000|  0%| F|  |TAMS 0x0000000087200000, 0x0000000087200000| Untracked 
|  95|0x0000000087300000, 0x0000000087300000, 0x0000000087400000|  0%| F|  |TAMS 0x0000000087300000, 0x0000000087300000| Untracked 
|  96|0x0000000087400000, 0x0000000087400000, 0x0000000087500000|  0%| F|  |TAMS 0x0000000087400000, 0x0000000087400000| Untracked 
|  97|0x0000000087500000, 0x0000000087500000, 0x0000000087600000|  0%| F|  |TAMS 0x0000000087500000, 0x0000000087500000| Untracked 
|  98|0x0000000087600000, 0x0000000087600000, 0x0000000087700000|  0%| F|  |TAMS 0x0000000087600000, 0x0000000087600000| Untracked 
|  99|0x0000000087700000, 0x0000000087700000, 0x0000000087800000|  0%| F|  |TAMS 0x0000000087700000, 0x0000000087700000| Untracked 
| 100|0x0000000087800000, 0x0000000087800000, 0x0000000087900000|  0%| F|  |TAMS 0x0000000087800000, 0x0000000087800000| Untracked 
| 101|0x0000000087900000, 0x0000000087900000, 0x0000000087a00000|  0%| F|  |TAMS 0x0000000087900000, 0x0000000087900000| Untracked 
| 102|0x0000000087a00000, 0x0000000087a00000, 0x0000000087b00000|  0%| F|  |TAMS 0x0000000087a00000, 0x0000000087a00000| Untracked 
| 103|0x0000000087b00000, 0x0000000087b00000, 0x0000000087c00000|  0%| F|  |TAMS 0x0000000087b00000, 0x0000000087b00000| Untracked 
| 104|0x0000000087c00000, 0x0000000087c00000, 0x0000000087d00000|  0%| F|  |TAMS 0x0000000087c00000, 0x0000000087c00000| Untracked 
| 105|0x0000000087d00000, 0x0000000087d00000, 0x0000000087e00000|  0%| F|  |TAMS 0x0000000087d00000, 0x0000000087d00000| Untracked 
| 106|0x0000000087e00000, 0x0000000087e00000, 0x0000000087f00000|  0%| F|  |TAMS 0x0000000087e00000, 0x0000000087e00000| Untracked 
| 107|0x0000000087f00000, 0x0000000087f00000, 0x0000000088000000|  0%| F|  |TAMS 0x0000000087f00000, 0x0000000087f00000| Untracked 
| 108|0x0000000088000000, 0x0000000088100000, 0x0000000088100000|100%| E|  |TAMS 0x0000000088000000, 0x0000000088000000| Complete 
| 109|0x0000000088100000, 0x0000000088200000, 0x0000000088200000|100%| E|CS|TAMS 0x0000000088100000, 0x0000000088100000| Complete 
| 110|0x0000000088200000, 0x0000000088300000, 0x0000000088300000|100%| E|CS|TAMS 0x0000000088200000, 0x0000000088200000| Complete 
| 111|0x0000000088300000, 0x0000000088400000, 0x0000000088400000|100%| E|CS|TAMS 0x0000000088300000, 0x0000000088300000| Complete 
| 112|0x0000000088400000, 0x0000000088500000, 0x0000000088500000|100%| E|CS|TAMS 0x0000000088400000, 0x0000000088400000| Complete 
| 113|0x0000000088500000, 0x0000000088600000, 0x0000000088600000|100%| E|CS|TAMS 0x0000000088500000, 0x0000000088500000| Complete 
| 114|0x0000000088600000, 0x0000000088700000, 0x0000000088700000|100%| E|CS|TAMS 0x0000000088600000, 0x0000000088600000| Complete 
| 115|0x0000000088700000, 0x0000000088800000, 0x0000000088800000|100%| E|CS|TAMS 0x0000000088700000, 0x0000000088700000| Complete 
| 116|0x0000000088800000, 0x0000000088900000, 0x0000000088900000|100%| S|CS|TAMS 0x0000000088800000, 0x0000000088800000| Complete 
| 117|0x0000000088900000, 0x0000000088a00000, 0x0000000088a00000|100%| S|CS|TAMS 0x0000000088900000, 0x0000000088900000| Complete 
| 118|0x0000000088a00000, 0x0000000088b00000, 0x0000000088b00000|100%| E|CS|TAMS 0x0000000088a00000, 0x0000000088a00000| Complete 
| 119|0x0000000088b00000, 0x0000000088c00000, 0x0000000088c00000|100%| E|CS|TAMS 0x0000000088b00000, 0x0000000088b00000| Complete 
| 120|0x0000000088c00000, 0x0000000088d00000, 0x0000000088d00000|100%| E|CS|TAMS 0x0000000088c00000, 0x0000000088c00000| Complete 
| 121|0x0000000088d00000, 0x0000000088e00000, 0x0000000088e00000|100%| E|CS|TAMS 0x0000000088d00000, 0x0000000088d00000| Complete 
| 122|0x0000000088e00000, 0x0000000088f00000, 0x0000000088f00000|100%| E|CS|TAMS 0x0000000088e00000, 0x0000000088e00000| Complete 
| 123|0x0000000088f00000, 0x0000000089000000, 0x0000000089000000|100%| E|CS|TAMS 0x0000000088f00000, 0x0000000088f00000| Complete 
| 124|0x0000000089000000, 0x0000000089100000, 0x0000000089100000|100%| E|CS|TAMS 0x0000000089000000, 0x0000000089000000| Complete 
| 125|0x0000000089100000, 0x0000000089200000, 0x0000000089200000|100%| E|CS|TAMS 0x0000000089100000, 0x0000000089100000| Complete 
| 126|0x0000000089200000, 0x0000000089300000, 0x0000000089300000|100%| E|CS|TAMS 0x0000000089200000, 0x0000000089200000| Complete 
| 127|0x0000000089300000, 0x0000000089400000, 0x0000000089400000|100%| E|CS|TAMS 0x0000000089300000, 0x0000000089300000| Complete 

Card table byte_map: [0x000001d446430000,0x000001d446830000] _byte_map_base: 0x000001d446026000

Marking Bits (Prev, Next): (CMBitMap*) 0x000001d42f99f288, (CMBitMap*) 0x000001d42f99f2c0
 Prev Bits: [0x000001d446c30000, 0x000001d448be0000)
 Next Bits: [0x000001d448be0000, 0x000001d44ab90000)

Polling page: 0x000001d42d930000

Metaspace:

Usage:
  Non-class:     13.56 MB capacity,    13.34 MB ( 98%) used,   208.28 KB (  1%) free+waste,    22.06 KB ( <1%) overhead. 
      Class:      1.87 MB capacity,     1.74 MB ( 93%) used,   120.81 KB (  6%) free+waste,    11.19 KB ( <1%) overhead. 
       Both:     15.43 MB capacity,    15.08 MB ( 98%) used,   329.09 KB (  2%) free+waste,    33.25 KB ( <1%) overhead. 

Virtual space:
  Non-class space:       20.00 MB reserved,      13.75 MB ( 69%) committed 
      Class space:        1.00 GB reserved,       1.88 MB ( <1%) committed 
             Both:        1.02 GB reserved,      15.62 MB (  1%) committed 

Chunk freelists:
   Non-Class:  7.88 KB
       Class:  896 bytes
        Both:  8.75 KB

CodeHeap 'non-profiled nmethods': size=120064Kb used=436Kb max_used=436Kb free=119627Kb
 bounds [0x000001d43eaf0000, 0x000001d43ed60000, 0x000001d446030000]
CodeHeap 'profiled nmethods': size=120000Kb used=2311Kb max_used=2311Kb free=117688Kb
 bounds [0x000001d4375c0000, 0x000001d437830000, 0x000001d43eaf0000]
CodeHeap 'non-nmethods': size=5696Kb used=1103Kb max_used=1109Kb free=4593Kb
 bounds [0x000001d437030000, 0x000001d4372a0000, 0x000001d4375c0000]
 total_blobs=1673 nmethods=1250 adapters=335
 compilation: enabled
              stopped_count=0, restarted_count=0
 full_count=0

Compilation events (10 events):
Event: 12.404 Thread 0x000001d44d0af800 nmethod 1211 0x000001d43eb5c810 code [0x000001d43eb5c9a0, 0x000001d43eb5ca58]
Event: 12.404 Thread 0x000001d44d0af800 1212       1       sun.util.locale.LanguageTag::getRegion (5 bytes)
Event: 12.404 Thread 0x000001d44d0af800 nmethod 1212 0x000001d43eb5cb10 code [0x000001d43eb5cca0, 0x000001d43eb5cd58]
Event: 12.405 Thread 0x000001d44d0af800 1213       1       sun.util.locale.LanguageTag::getPrivateuse (5 bytes)
Event: 12.405 Thread 0x000001d44d0af800 nmethod 1213 0x000001d43eb5ce10 code [0x000001d43eb5cfa0, 0x000001d43eb5d058]
Event: 12.405 Thread 0x000001d44d0af800 1214       3       sun.util.locale.BaseLocale::hashCode (67 bytes)
Event: 12.405 Thread 0x000001d44d0af800 nmethod 1214 0x000001d4377e2510 code [0x000001d4377e26e0, 0x000001d4377e29b8]
Event: 12.405 Thread 0x000001d44d0af800 1215       3       sun.util.locale.LocaleObjectCache::get (126 bytes)
Event: 12.407 Thread 0x000001d44d0af800 nmethod 1215 0x000001d4377e2b10 code [0x000001d4377e2de0, 0x000001d4377e4368]
Event: 12.407 Thread 0x000001d44d0af800 1219       3       sun.util.locale.LocaleUtils::toLowerString (95 bytes)

GC Heap History (4 events):
Event: 7.238 GC heap before
{Heap before GC invocations=0 (full 0):
 garbage-first heap   total 131072K, used 16384K [0x0000000081400000, 0x0000000100000000)
  region size 1024K, 14 young (14336K), 0 survivors (0K)
 Metaspace       used 8146K, capacity 8421K, committed 8576K, reserved 1056768K
  class space    used 736K, capacity 824K, committed 896K, reserved 1048576K
}
Event: 7.271 GC heap after
{Heap after GC invocations=1 (full 0):
 garbage-first heap   total 131072K, used 3569K [0x0000000081400000, 0x0000000100000000)
  region size 1024K, 2 young (2048K), 2 survivors (2048K)
 Metaspace       used 8146K, capacity 8421K, committed 8576K, reserved 1056768K
  class space    used 736K, capacity 824K, committed 896K, reserved 1048576K
}
Event: 9.178 GC heap before
{Heap before GC invocations=1 (full 0):
 garbage-first heap   total 131072K, used 16881K [0x0000000081400000, 0x0000000100000000)
  region size 1024K, 12 young (12288K), 2 survivors (2048K)
 Metaspace       used 10471K, capacity 10785K, committed 11008K, reserved 1058816K
  class space    used 1071K, capacity 1167K, committed 1280K, reserved 1048576K
}
Event: 9.187 GC heap after
{Heap after GC invocations=2 (full 0):
 garbage-first heap   total 131072K, used 9698K [0x0000000081400000, 0x0000000100000000)
  region size 1024K, 2 young (2048K), 2 survivors (2048K)
 Metaspace       used 10471K, capacity 10785K, committed 11008K, reserved 1058816K
  class space    used 1071K, capacity 1167K, committed 1280K, reserved 1048576K
}

Deoptimization events (10 events):
Event: 9.089 Thread 0x000001d42f95f800 Uncommon trap: reason=class_check action=maybe_recompile pc=0x000001d43eb0d7ac method=java.util.regex.Matcher.match(II)Z @ 121 c2
Event: 9.092 Thread 0x000001d42f95f800 Uncommon trap: reason=class_check action=maybe_recompile pc=0x000001d43eb0d7ac method=java.util.regex.Matcher.match(II)Z @ 121 c2
Event: 9.092 Thread 0x000001d42f95f800 Uncommon trap: reason=class_check action=maybe_recompile pc=0x000001d43eb0d7ac method=java.util.regex.Matcher.match(II)Z @ 121 c2
Event: 9.108 Thread 0x000001d42f95f800 Uncommon trap: reason=unstable_if action=reinterpret pc=0x000001d43eb2ff30 method=java.util.HashMap.hash(Ljava/lang/Object;)I @ 1 c2
Event: 10.140 Thread 0x000001d42f95f800 Uncommon trap: reason=unstable_if action=reinterpret pc=0x000001d43eb44940 method=java.util.HashMap.getNode(ILjava/lang/Object;)Ljava/util/HashMap$Node; @ 129 c2
Event: 10.140 Thread 0x000001d42f95f800 Uncommon trap: reason=bimorphic_or_optimized_type_check action=maybe_recompile pc=0x000001d43eb28ca0 method=java.util.HashMap.putVal(ILjava/lang/Object;Ljava/lang/Object;ZZ)Ljava/lang/Object; @ 203 c2
Event: 10.814 Thread 0x000001d42f95f800 Uncommon trap: reason=unstable_if action=reinterpret pc=0x000001d43eb40d18 method=java.io.WinNTFileSystem.normalize(Ljava/lang/String;)Ljava/lang/String; @ 128 c2
Event: 12.196 Thread 0x000001d42f95f800 Uncommon trap: reason=unstable_if action=reinterpret pc=0x000001d43eb2cf90 method=java.lang.AbstractStringBuilder.append(Ljava/lang/String;)Ljava/lang/AbstractStringBuilder; @ 1 c2
Event: 12.197 Thread 0x000001d42f95f800 Uncommon trap: reason=unstable_if action=reinterpret pc=0x000001d43eb23ae4 method=java.lang.AbstractStringBuilder.append(Ljava/lang/String;)Ljava/lang/AbstractStringBuilder; @ 1 c2
Event: 12.390 Thread 0x000001d42f95f800 Uncommon trap: reason=unstable_if action=reinterpret pc=0x000001d43eb47814 method=java.util.concurrent.ConcurrentHashMap.putVal(Ljava/lang/Object;Ljava/lang/Object;Z)Ljava/lang/Object; @ 256 c2

Classes redefined (0 events):
No events

Internal exceptions (10 events):
Event: 9.161 Thread 0x000001d42f95f800 Exception <a 'java/lang/NoClassDefFoundError'{0x0000000088ae96a8}: org/slf4j/impl/StaticMarkerBinder> (0x0000000088ae96a8) thrown at [./open/src/hotspot/share/classfile/systemDictionary.cpp, line 215]
Event: 9.276 Thread 0x000001d42f95f800 Exception <a 'java/lang/NoSuchMethodError'{0x00000000893df948}: java.lang.invoke.DirectMethodHandle$Holder.invokeVirtual(Ljava/lang/Object;Ljava/lang/Object;Ljava/lang/Object;Ljava/lang/Object;Ljava/lang/Object;Ljava/lang/Object;Ljava/lang/Object;)Ljava/l
Event: 9.280 Thread 0x000001d42f95f800 Exception <a 'java/lang/NoSuchMethodError'{0x0000000089210130}: java.lang.invoke.Invokers$Holder.invoker(Ljava/lang/Object;Ljava/lang/Object;Ljava/lang/Object;)Ljava/lang/Object;> (0x0000000089210130) thrown at [./open/src/hotspot/share/interpreter/linkRe
Event: 9.337 Thread 0x000001d42f95f800 Exception <a 'java/lang/NoSuchMethodError'{0x0000000089220d20}: java.lang.invoke.DelegatingMethodHandle$Holder.delegate(Ljava/lang/Object;Ljava/lang/Object;ILjava/lang/Object;)V> (0x0000000089220d20) thrown at [./open/src/hotspot/share/interpreter/linkRes
Event: 9.767 Thread 0x000001d42f95f800 Exception <a 'java/lang/NoSuchMethodError'{0x0000000088c09c88}: java.lang.invoke.DirectMethodHandle$Holder.invokeInterface(Ljava/lang/Object;Ljava/lang/Object;Ljava/lang/Object;)Ljava/lang/Object;> (0x0000000088c09c88) thrown at [./open/src/hotspot/share/
Event: 9.925 Thread 0x000001d42f95f800 Exception <a 'java/lang/NoSuchMethodError'{0x0000000088aa1ac0}: java.lang.invoke.DirectMethodHandle$Holder.invokeStaticInit(Ljava/lang/Object;Ljava/lang/Object;Ljava/lang/Object;)Ljava/lang/Object;> (0x0000000088aa1ac0) thrown at [./open/src/hotspot/share
Event: 10.192 Thread 0x000001d42f95f800 Exception <a 'java/lang/NoSuchMethodError'{0x0000000088380a20}: java.lang.invoke.DirectMethodHandle$Holder.invokeStaticInit(Ljava/lang/Object;IIII)Ljava/lang/Object;> (0x0000000088380a20) thrown at [./open/src/hotspot/share/interpreter/linkResolver.cpp, l
Event: 10.831 Thread 0x000001d42f95f800 Exception <a 'java/lang/NoSuchMethodError'{0x000000008839c300}: java.lang.invoke.DirectMethodHandle$Holder.invokeStaticInit(Ljava/lang/Object;Ljava/lang/Object;IIII)Ljava/lang/Object;> (0x000000008839c300) thrown at [./open/src/hotspot/share/interpreter/l
Event: 12.196 Thread 0x000001d42f95f800 Implicit null exception at 0x000001d43eb2ca74 to 0x000001d43eb2cf78
Event: 12.197 Thread 0x000001d42f95f800 Implicit null exception at 0x000001d43eb235f4 to 0x000001d43eb23acc

Events (10 events):
Event: 12.394 loading class java/util/spi/TimeZoneNameProvider
Event: 12.394 loading class java/util/spi/TimeZoneNameProvider done
Event: 12.394 loading class sun/util/locale/provider/CalendarDataUtility$CalendarWeekParameterGetter
Event: 12.394 loading class sun/util/locale/provider/LocaleServiceProviderPool$LocalizedObjectGetter
Event: 12.394 loading class sun/util/locale/provider/LocaleServiceProviderPool$LocalizedObjectGetter done
Event: 12.394 loading class sun/util/locale/provider/CalendarDataUtility$CalendarWeekParameterGetter done
Event: 12.395 loading class sun/util/cldr/CLDRCalendarDataProviderImpl
Event: 12.395 loading class sun/util/locale/provider/CalendarDataProviderImpl
Event: 12.395 loading class sun/util/locale/provider/CalendarDataProviderImpl done
Event: 12.395 loading class sun/util/cldr/CLDRCalendarDataProviderImpl done


Dynamic libraries:
0x00007ff6ed2b0000 - 0x00007ff6ed2c0000 	C:\Program Files\Java\jdk-11\bin\java.exe
0x00007ffe76ff0000 - 0x00007ffe77207000 	C:\Windows\SYSTEM32\ntdll.dll
0x00007ffe74fc0000 - 0x00007ffe75084000 	C:\Windows\System32\KERNEL32.DLL
0x00007ffe745f0000 - 0x00007ffe74996000 	C:\Windows\System32\KERNELBASE.dll
0x00007ffe74c20000 - 0x00007ffe74d31000 	C:\Windows\System32\ucrtbase.dll
0x00007ffe5d630000 - 0x00007ffe5d64b000 	C:\Program Files\Java\jdk-11\bin\VCRUNTIME140.dll
0x00007ffe65020000 - 0x00007ffe65039000 	C:\Program Files\Java\jdk-11\bin\jli.dll
0x00007ffe75090000 - 0x00007ffe75141000 	C:\Windows\System32\ADVAPI32.dll
0x00007ffe758e0000 - 0x00007ffe75987000 	C:\Windows\System32\msvcrt.dll
0x00007ffe76850000 - 0x00007ffe768f5000 	C:\Windows\System32\sechost.dll
0x00007ffe75b60000 - 0x00007ffe75c77000 	C:\Windows\System32\RPCRT4.dll
0x00007ffe752a0000 - 0x00007ffe7544e000 	C:\Windows\System32\USER32.dll
0x00007ffe74b30000 - 0x00007ffe74b56000 	C:\Windows\System32\win32u.dll
0x00007ffe63a20000 - 0x00007ffe63cb3000 	C:\Windows\WinSxS\amd64_microsoft.windows.common-controls_6595b64144ccf1df_6.0.22621.2506_none_270c5ae97388e100\COMCTL32.dll
0x00007ffe75e90000 - 0x00007ffe75eb9000 	C:\Windows\System32\GDI32.dll
0x00007ffe749a0000 - 0x00007ffe74ab8000 	C:\Windows\System32\gdi32full.dll
0x00007ffe74550000 - 0x00007ffe745ea000 	C:\Windows\System32\msvcp_win.dll
0x00007ffe5fdd0000 - 0x00007ffe5fdda000 	C:\Windows\SYSTEM32\VERSION.dll
0x00007ffe74f00000 - 0x00007ffe74f31000 	C:\Windows\System32\IMM32.DLL
0x00007ffe64f90000 - 0x00007ffe64f9c000 	C:\Program Files\Java\jdk-11\bin\vcruntime140_1.dll
0x00007ffe56850000 - 0x00007ffe568de000 	C:\Program Files\Java\jdk-11\bin\msvcp140.dll
0x00007ffe17d60000 - 0x00007ffe188cc000 	C:\Program Files\Java\jdk-11\bin\server\jvm.dll
0x00007ffe75230000 - 0x00007ffe75238000 	C:\Windows\System32\PSAPI.DLL
0x00007ffe5f190000 - 0x00007ffe5f199000 	C:\Windows\SYSTEM32\WSOCK32.dll
0x00007ffe6d870000 - 0x00007ffe6d8a4000 	C:\Windows\SYSTEM32\WINMM.dll
0x00007ffe74f40000 - 0x00007ffe74fb1000 	C:\Windows\System32\WS2_32.dll
0x00007ffe73450000 - 0x00007ffe73468000 	C:\Windows\SYSTEM32\kernel.appcore.dll
0x00007ffe64f70000 - 0x00007ffe64f80000 	C:\Program Files\Java\jdk-11\bin\verify.dll
0x00007ffe59bb0000 - 0x00007ffe59de3000 	C:\Windows\SYSTEM32\DBGHELP.DLL
0x00007ffe76a50000 - 0x00007ffe76dd9000 	C:\Windows\System32\combase.dll
0x00007ffe75150000 - 0x00007ffe75227000 	C:\Windows\System32\OLEAUT32.dll
0x00007ffe59b70000 - 0x00007ffe59ba2000 	C:\Windows\SYSTEM32\dbgcore.DLL
0x00007ffe744d0000 - 0x00007ffe7454a000 	C:\Windows\System32\bcryptPrimitives.dll
0x00007ffe57e70000 - 0x00007ffe57e98000 	C:\Program Files\Java\jdk-11\bin\java.dll
0x00007ffe5d620000 - 0x00007ffe5d62a000 	C:\Program Files\Java\jdk-11\bin\jimage.dll
0x00007ffe5a7d0000 - 0x00007ffe5a7e7000 	C:\Program Files\Java\jdk-11\bin\zip.dll
0x00007ffe75ec0000 - 0x00007ffe7671a000 	C:\Windows\System32\SHELL32.dll
0x00007ffe72290000 - 0x00007ffe72b86000 	C:\Windows\SYSTEM32\windows.storage.dll
0x00007ffe72150000 - 0x00007ffe7228e000 	C:\Windows\SYSTEM32\wintypes.dll
0x00007ffe76950000 - 0x00007ffe76a43000 	C:\Windows\System32\SHCORE.dll
0x00007ffe75d80000 - 0x00007ffe75dde000 	C:\Windows\System32\shlwapi.dll
0x00007ffe74290000 - 0x00007ffe742b6000 	C:\Windows\SYSTEM32\profapi.dll
0x00007ffe56730000 - 0x00007ffe56749000 	C:\Program Files\Java\jdk-11\bin\net.dll
0x00007ffe6e2a0000 - 0x00007ffe6e3d7000 	C:\Windows\SYSTEM32\WINHTTP.dll
0x00007ffe738d0000 - 0x00007ffe73939000 	C:\Windows\system32\mswsock.dll
0x00007ffe56710000 - 0x00007ffe56722000 	C:\Program Files\Java\jdk-11\bin\nio.dll
0x00007ffe566e0000 - 0x00007ffe56707000 	C:\Users\Premier\.gradle\native\e1d6ef7f7dcc3fd88c89a11ec53ec762bb8ba0a96d01ffa2cd45eb1d1d8dd5c5\windows-amd64\native-platform.dll
0x00007ffe5d010000 - 0x00007ffe5d019000 	C:\Program Files\Java\jdk-11\bin\management.dll
0x00007ffe5cef0000 - 0x00007ffe5cefb000 	C:\Program Files\Java\jdk-11\bin\management_ext.dll
0x00007ffe73b20000 - 0x00007ffe73b3b000 	C:\Windows\SYSTEM32\CRYPTSP.dll
0x00007ffe733b0000 - 0x00007ffe733e5000 	C:\Windows\system32\rsaenh.dll
0x00007ffe739c0000 - 0x00007ffe739ec000 	C:\Windows\SYSTEM32\USERENV.dll
0x00007ffe73d10000 - 0x00007ffe73d38000 	C:\Windows\SYSTEM32\bcrypt.dll
0x00007ffe73b40000 - 0x00007ffe73b4c000 	C:\Windows\SYSTEM32\CRYPTBASE.dll
0x00007ffe72e60000 - 0x00007ffe72e8d000 	C:\Windows\SYSTEM32\IPHLPAPI.DLL
0x00007ffe75b50000 - 0x00007ffe75b59000 	C:\Windows\System32\NSI.dll
0x00007ffe6e0d0000 - 0x00007ffe6e0e9000 	C:\Windows\SYSTEM32\dhcpcsvc6.DLL
0x00007ffe6e0b0000 - 0x00007ffe6e0cf000 	C:\Windows\SYSTEM32\dhcpcsvc.DLL
0x00007ffe72ed0000 - 0x00007ffe72fc9000 	C:\Windows\SYSTEM32\DNSAPI.dll

dbghelp: loaded successfully - version: 4.0.5 - missing functions: none
symbol engine: initialized successfully - sym options: 0x614 - pdb path: .;C:\Program Files\Java\jdk-11\bin;C:\Windows\SYSTEM32;C:\Windows\WinSxS\amd64_microsoft.windows.common-controls_6595b64144ccf1df_6.0.22621.2506_none_270c5ae97388e100;C:\Program Files\Java\jdk-11\bin\server;C:\Users\Premier\.gradle\native\e1d6ef7f7dcc3fd88c89a11ec53ec762bb8ba0a96d01ffa2cd45eb1d1d8dd5c5\windows-amd64

VM Arguments:
jvm_args: -Dorg.gradle.appname=gradlew 
java_command: org.gradle.wrapper.GradleWrapperMain -q -Ptarget-platform=android-arm -Ptarget=C:\\Dev\\EdgeSquare\\Babana Express\\be_mobile\\lib\\main.dart -Pbase-application-name=android.app.Application -Pdart-defines=RkxVVFRFUl9XRUJfQVVUT19ERVRFQ1Q9dHJ1ZQ==,RkxVVFRFUl9XRUJfQ0FOVkFTS0lUX1VSTD1odHRwczovL3d3dy5nc3RhdGljLmNvbS9mbHV0dGVyLWNhbnZhc2tpdC85MDY0NDU5YThiMGRjZDMyODc3MTA3ZjYwMDJjYzQyOWE3MTY1OWQxLw== -Pdart-obfuscation=false -Ptrack-widget-creation=true -Ptree-shake-icons=false -Pfilesystem-scheme=org-dartlang-root assembleDebug
java_class_path (initial): C:\\Dev\\EdgeSquare\\Babana Express\\be_mobile\\android\\\\gradle\\wrapper\\gradle-wrapper.jar
Launcher Type: SUN_STANDARD

[Global flags]
     intx CICompilerCount                          = 3                                         {product} {ergonomic}
     uint ConcGCThreads                            = 1                                         {product} {ergonomic}
     uint G1ConcRefinementThreads                  = 4                                         {product} {ergonomic}
   size_t G1HeapRegionSize                         = 1048576                                   {product} {ergonomic}
    uintx GCDrainStackTargetSize                   = 64                                        {product} {ergonomic}
   size_t InitialHeapSize                          = 134217728                                 {product} {ergonomic}
   size_t MarkStackSize                            = 4194304                                   {product} {ergonomic}
   size_t MaxHeapSize                              = 2126512128                                {product} {ergonomic}
   size_t MaxNewSize                               = 1275068416                                {product} {ergonomic}
   size_t MinHeapDeltaBytes                        = 1048576                                   {product} {ergonomic}
    uintx NonNMethodCodeHeapSize                   = 5830732                                {pd product} {ergonomic}
    uintx NonProfiledCodeHeapSize                  = 122913754                              {pd product} {ergonomic}
    uintx ProfiledCodeHeapSize                     = 122913754                              {pd product} {ergonomic}
    uintx ReservedCodeCacheSize                    = 251658240                              {pd product} {ergonomic}
     bool SegmentedCodeCache                       = true                                      {product} {ergonomic}
     bool UseCompressedClassPointers               = true                                 {lp64_product} {ergonomic}
     bool UseCompressedOops                        = true                                 {lp64_product} {ergonomic}
     bool UseG1GC                                  = true                                      {product} {ergonomic}
     bool UseLargePagesIndividualAllocation        = false                                  {pd product} {ergonomic}

Logging:
Log output configuration:
 #0: stdout all=warning uptime,level,tags
 #1: stderr all=off uptime,level,tags

Environment Variables:
CLASSPATH=C:\Dev\EdgeSquare\Babana Express\be_mobile\android\\gradle\wrapper\gradle-wrapper.jar
PATH=C:\Program Files\Common Files\Oracle\Java\javapath;C:\Program Files\Common Files\Oracle\Java\javapath;C:\Program Files (x86)\Common Files\Oracle\Java\javapath;C:\Windows\system32;C:\Windows;C:\Windows\System32\Wbem;C:\Windows\System32\WindowsPowerShell\v1.0\;C:\Windows\System32\OpenSSH\;C:\Program Files\Symfony\symfony.exe;C:\flutter\bin;C:\Program Files\cmdline-tools\bin;C:\Program Files\Java\jdk-11\bin;C:\Program Files\Java\jre1.8.0_361\bin;C:\ProgramData\ComposerSetup\bin;C:\nuget.exe;C:\nuget;C:\Program Files\Docker\cli-plugins;C:\Dev\OnNext\ffmpeg-6.0-essentials_build\bin;C:\Program Files\Git\cmd;C:\Program Files\PuTTY\;C:\ProgramData\chocolatey\bin;C:\Users\Premier\AppData\Roaming\nvm;C:\Program Files\nodejs;C:\Users\Premier\AppData\Local\Microsoft\WindowsApps;C:\flutter\bin;C:\Program Files\Symfony;C:\Program Files\cmdline-tools\bin;C:\wamp64\bin\php\php8.1.0;C:\Users\Premier\AppData\Roaming\Composer\vendor\bin;C:\Users\Premier\AppData\Local\Android\Sdk\platform-tools;C:\nuget.exe;C:\nuget;C:\Program Files\Java\jdk-11\bin;C:\Program Files\Docker\cli-plugins;C:\Program Files\PostgreSQL\9.2\bin;C:\Dev\OnNext\ffmpeg-6.0-essentials_build\bin;C:\wamp64\bin\php\php8.1.0\php-opencv;C:\Users\Premier\AppData\Local\Programs\Microsoft VS Code\bin;C:\Users\Premier\AppData\Roaming\nvm;C:\Program Files\nodejs;C:\Program Files\nodejs;C:\Program Files (x86)\kotlinc\bin;;C:\flutter\bin\mingit\cmd;C:\flutter\bin\mingit\cmd
USERNAME=Premier
OS=Windows_NT
PROCESSOR_IDENTIFIER=Intel64 Family 6 Model 60 Stepping 3, GenuineIntel



---------------  S Y S T E M  ---------------

OS: Windows 11 , 64 bit Build 22621 (10.0.22621.2506)

CPU:total 4 (initial active 4) (2 cores per cpu, 2 threads per core) family 6 model 60 stepping 3 microcode 0x28, cmov, cx8, fxsr, mmx, sse, sse2, sse3, ssse3, sse4.1, sse4.2, popcnt, avx, avx2, clmul, erms, lzcnt, ht, tsc, tscinvbit, bmi1, bmi2, fma

Memory: 4k page, system-wide physical 8105M (347M free)
TotalPageFile size 20272M (AvailPageFile size 0M)
current process WorkingSet (physical memory assigned to process): 85M, peak: 85M
current process commit charge ("private bytes"): 220M, peak: 220M

vm_info: Java HotSpot(TM) 64-Bit Server VM (11.0.19+9-LTS-224) for windows-amd64 JRE (11.0.19+9-LTS-224), built on Mar 27 2023 08:48:55 by "mach5one" with MS VC++ 17.1 (VS2022)

END.
